<?xml version="1.0" encoding="utf-8"?>
<CoverageSession>
  <Summary numSequencePoints="325" visitedSequencePoints="267" numBranchPoints="156" visitedBranchPoints="111" sequenceCoverage="82.15" branchCoverage="71.15" maxCyclomaticComplexity="190" minCyclomaticComplexity="190" visitedClasses="7" numClasses="10" visitedMethods="65" numMethods="71" />
  <Modules>
    <Module hash="99539955-7C56-43AA-B507-F46AB816D3B8">
      <ModulePath>GraphAlgorithms.Graph.dll</ModulePath>
      <ModuleTime>2022-04-03T12:24:49</ModuleTime>
      <ModuleName>GraphAlgorithms.Graph</ModuleName>
      <Files>
        <File uid="1" fullPath="E:\RiderProjects\Graph-Algorithms\GraphAlgorithms.Graph\Traversal\BreadthFirstTraversal.cs" />
        <File uid="2" fullPath="E:\RiderProjects\Graph-Algorithms\GraphAlgorithms.Graph\Traversal\DepthFirstTraversal.cs" />
        <File uid="3" fullPath="E:\RiderProjects\Graph-Algorithms\GraphAlgorithms.Graph\Models\DistanceModel.cs" />
        <File uid="4" fullPath="E:\RiderProjects\Graph-Algorithms\GraphAlgorithms.Graph\Implementations\Edge.cs" />
        <File uid="5" fullPath="E:\RiderProjects\Graph-Algorithms\GraphAlgorithms.Graph\Implementations\Graph.cs" />
        <File uid="6" fullPath="E:\RiderProjects\Graph-Algorithms\GraphAlgorithms.Graph\Implementations\Vertex.cs" />
        <File uid="7" fullPath="E:\RiderProjects\Graph-Algorithms\GraphAlgorithms.Graph\Algorithms\DijkstraAlgorithm.cs" />
        <File uid="8" fullPath="E:\RiderProjects\Graph-Algorithms\GraphAlgorithms.Graph\Algorithms\KahnGraphSort.cs" />
      </Files>
      <Classes>
        <Class>
          <Summary numSequencePoints="16" visitedSequencePoints="0" numBranchPoints="10" visitedBranchPoints="0" sequenceCoverage="0" branchCoverage="0" maxCyclomaticComplexity="10" minCyclomaticComplexity="10" visitedClasses="0" numClasses="1" visitedMethods="0" numMethods="1" />
          <FullName>GraphAlgorithms.Graph.Traversal.BreadthFirstTraversal`1/&lt;BreadthFirstSearchIterative&gt;d__0</FullName>
          <Methods>
            <Method cyclomaticComplexity="10" nPathComplexity="10" sequenceCoverage="0" branchCoverage="0" isConstructor="False" isGetter="False" isSetter="False" isStatic="True">
              <Summary numSequencePoints="16" visitedSequencePoints="0" numBranchPoints="10" visitedBranchPoints="0" sequenceCoverage="0" branchCoverage="0" maxCyclomaticComplexity="10" minCyclomaticComplexity="10" visitedClasses="0" numClasses="0" visitedMethods="0" numMethods="1" />
              <MetadataToken />
              <Name>System.Boolean GraphAlgorithms.Graph.Traversal.BreadthFirstTraversal`1/&lt;BreadthFirstSearchIterative&gt;d__0::MoveNext()</Name>
              <FileRef uid="1" />
              <SequencePoints>
                <SequencePoint vc="0" uspid="12" ordinal="0" sl="12" sc="1" el="12" ec="2" bec="0" bev="0" fileid="1" />
                <SequencePoint vc="0" uspid="13" ordinal="1" sl="13" sc="1" el="13" ec="2" bec="4" bev="0" fileid="1" />
                <SequencePoint vc="0" uspid="14" ordinal="2" sl="14" sc="1" el="14" ec="2" bec="0" bev="0" fileid="1" />
                <SequencePoint vc="0" uspid="16" ordinal="3" sl="16" sc="1" el="16" ec="2" bec="0" bev="0" fileid="1" />
                <SequencePoint vc="0" uspid="17" ordinal="4" sl="17" sc="1" el="17" ec="2" bec="0" bev="0" fileid="1" />
                <SequencePoint vc="0" uspid="19" ordinal="5" sl="19" sc="1" el="19" ec="2" bec="2" bev="0" fileid="1" />
                <SequencePoint vc="0" uspid="20" ordinal="6" sl="20" sc="1" el="20" ec="2" bec="0" bev="0" fileid="1" />
                <SequencePoint vc="0" uspid="21" ordinal="7" sl="21" sc="1" el="21" ec="2" bec="0" bev="0" fileid="1" />
                <SequencePoint vc="0" uspid="22" ordinal="8" sl="22" sc="1" el="22" ec="2" bec="0" bev="0" fileid="1" />
                <SequencePoint vc="0" uspid="24" ordinal="9" sl="24" sc="1" el="24" ec="2" bec="2" bev="0" fileid="1" />
                <SequencePoint vc="0" uspid="25" ordinal="10" sl="25" sc="1" el="25" ec="2" bec="0" bev="0" fileid="1" />
                <SequencePoint vc="0" uspid="26" ordinal="11" sl="26" sc="1" el="26" ec="2" bec="0" bev="0" fileid="1" />
                <SequencePoint vc="0" uspid="27" ordinal="12" sl="27" sc="1" el="27" ec="2" bec="2" bev="0" fileid="1" />
                <SequencePoint vc="0" uspid="28" ordinal="13" sl="28" sc="1" el="28" ec="2" bec="0" bev="0" fileid="1" />
                <SequencePoint vc="0" uspid="29" ordinal="14" sl="29" sc="1" el="29" ec="2" bec="0" bev="0" fileid="1" />
                <SequencePoint vc="0" uspid="30" ordinal="15" sl="30" sc="1" el="30" ec="2" bec="0" bev="0" fileid="1" />
              </SequencePoints>
              <BranchPoints>
                <BranchPoint vc="0" uspid="13" ordinal="0" path="0" offset="52" offsetend="54" sl="13" fileid="1" />
                <BranchPoint vc="0" uspid="13" ordinal="1" path="1" offset="52" offsetend="76" sl="13" fileid="1" />
                <BranchPoint vc="0" uspid="13" ordinal="2" path="0" offset="79" offsetend="81" sl="13" fileid="1" />
                <BranchPoint vc="0" uspid="13" ordinal="3" path="1" offset="79" offsetend="92" sl="13" fileid="1" />
                <BranchPoint vc="0" uspid="19" ordinal="9" path="1" offset="360" offsetend="126" sl="19" fileid="1" />
                <BranchPoint vc="0" uspid="24" ordinal="4" path="0" offset="191" offsetend="193" sl="24" fileid="1" />
                <BranchPoint vc="0" uspid="24" ordinal="5" path="1" offset="191" offsetend="195" sl="24" fileid="1" />
                <BranchPoint vc="0" uspid="27" ordinal="7" path="1" offset="297" offsetend="244" sl="27" fileid="1" />
                <BranchPoint vc="0" uspid="27" ordinal="6" path="0" offset="297" offsetend="299" sl="27" fileid="1" />
                <BranchPoint vc="0" uspid="19" ordinal="8" path="0" offset="360" offsetend="365" sl="19" fileid="1" />
              </BranchPoints>
              <MethodPoint vc="0" uspid="0" p8:type="SequencePoint" ordinal="0" offset="0" sc="0" sl="12" ec="1" el="30" bec="0" bev="0" fileid="1" xmlns:p8="xsi" />
            </Method>
          </Methods>
        </Class>
        <Class>
          <Summary numSequencePoints="10" visitedSequencePoints="0" numBranchPoints="6" visitedBranchPoints="0" sequenceCoverage="0" branchCoverage="0" maxCyclomaticComplexity="6" minCyclomaticComplexity="6" visitedClasses="0" numClasses="1" visitedMethods="0" numMethods="1" />
          <FullName>GraphAlgorithms.Graph.Traversal.DepthFirstTraversal`1</FullName>
          <Methods>
            <Method cyclomaticComplexity="6" nPathComplexity="6" sequenceCoverage="0" branchCoverage="0" isConstructor="False" isGetter="False" isSetter="False" isStatic="True">
              <Summary numSequencePoints="10" visitedSequencePoints="0" numBranchPoints="6" visitedBranchPoints="0" sequenceCoverage="0" branchCoverage="0" maxCyclomaticComplexity="6" minCyclomaticComplexity="6" visitedClasses="0" numClasses="0" visitedMethods="0" numMethods="1" />
              <MetadataToken />
              <Name>System.Void GraphAlgorithms.Graph.Traversal.DepthFirstTraversal`1::DepthFirstSearchIterative(GraphAlgorithms.Graph.Interfaces.IGraph`1&lt;T&gt;,GraphAlgorithms.Graph.Interfaces.IVertex`1&lt;T&gt;)</Name>
              <FileRef uid="2" />
              <SequencePoints>
                <SequencePoint vc="0" uspid="14" ordinal="0" sl="14" sc="1" el="14" ec="2" bec="0" bev="0" fileid="2" />
                <SequencePoint vc="0" uspid="15" ordinal="1" sl="15" sc="1" el="15" ec="2" bec="2" bev="0" fileid="2" />
                <SequencePoint vc="0" uspid="16" ordinal="2" sl="16" sc="1" el="16" ec="2" bec="0" bev="0" fileid="2" />
                <SequencePoint vc="0" uspid="18" ordinal="3" sl="18" sc="1" el="18" ec="2" bec="2" bev="0" fileid="2" />
                <SequencePoint vc="0" uspid="20" ordinal="4" sl="20" sc="1" el="20" ec="2" bec="0" bev="0" fileid="2" />
                <SequencePoint vc="0" uspid="21" ordinal="5" sl="21" sc="1" el="21" ec="2" bec="0" bev="0" fileid="2" />
                <SequencePoint vc="0" uspid="23" ordinal="6" sl="23" sc="1" el="23" ec="2" bec="0" bev="0" fileid="2" />
                <SequencePoint vc="0" uspid="24" ordinal="7" sl="24" sc="1" el="24" ec="2" bec="2" bev="0" fileid="2" />
                <SequencePoint vc="0" uspid="25" ordinal="8" sl="25" sc="1" el="25" ec="2" bec="0" bev="0" fileid="2" />
                <SequencePoint vc="0" uspid="26" ordinal="9" sl="26" sc="1" el="26" ec="2" bec="0" bev="0" fileid="2" />
              </SequencePoints>
              <BranchPoints>
                <BranchPoint vc="0" uspid="15" ordinal="0" path="0" offset="13" offsetend="15" sl="15" fileid="2" />
                <BranchPoint vc="0" uspid="15" ordinal="1" path="1" offset="13" offsetend="26" sl="15" fileid="2" />
                <BranchPoint vc="0" uspid="18" ordinal="3" path="1" offset="34" offsetend="38" sl="18" fileid="2" />
                <BranchPoint vc="0" uspid="24" ordinal="5" path="1" offset="94" offsetend="69" sl="24" fileid="2" />
                <BranchPoint vc="0" uspid="24" ordinal="4" path="0" offset="94" offsetend="96" sl="24" fileid="2" />
                <BranchPoint vc="0" uspid="18" ordinal="2" path="0" offset="34" offsetend="113" sl="18" fileid="2" />
              </BranchPoints>
              <MethodPoint vc="0" uspid="0" p8:type="SequencePoint" ordinal="0" offset="0" sc="0" sl="14" ec="1" el="26" bec="0" bev="0" fileid="2" xmlns:p8="xsi" />
            </Method>
          </Methods>
        </Class>
        <Class>
          <Summary numSequencePoints="17" visitedSequencePoints="0" numBranchPoints="10" visitedBranchPoints="0" sequenceCoverage="0" branchCoverage="0" maxCyclomaticComplexity="10" minCyclomaticComplexity="10" visitedClasses="0" numClasses="1" visitedMethods="0" numMethods="1" />
          <FullName>GraphAlgorithms.Graph.Traversal.DepthFirstTraversal`1/&lt;DepthFirstIterative&gt;d__1</FullName>
          <Methods>
            <Method cyclomaticComplexity="10" nPathComplexity="10" sequenceCoverage="0" branchCoverage="0" isConstructor="False" isGetter="False" isSetter="False" isStatic="True">
              <Summary numSequencePoints="17" visitedSequencePoints="0" numBranchPoints="10" visitedBranchPoints="0" sequenceCoverage="0" branchCoverage="0" maxCyclomaticComplexity="10" minCyclomaticComplexity="10" visitedClasses="0" numClasses="0" visitedMethods="0" numMethods="1" />
              <MetadataToken />
              <Name>System.Boolean GraphAlgorithms.Graph.Traversal.DepthFirstTraversal`1/&lt;DepthFirstIterative&gt;d__1::MoveNext()</Name>
              <FileRef uid="2" />
              <SequencePoints>
                <SequencePoint vc="0" uspid="33" ordinal="0" sl="33" sc="1" el="33" ec="2" bec="0" bev="0" fileid="2" />
                <SequencePoint vc="0" uspid="34" ordinal="1" sl="34" sc="1" el="34" ec="2" bec="4" bev="0" fileid="2" />
                <SequencePoint vc="0" uspid="35" ordinal="2" sl="35" sc="1" el="35" ec="2" bec="0" bev="0" fileid="2" />
                <SequencePoint vc="0" uspid="37" ordinal="3" sl="37" sc="1" el="37" ec="2" bec="0" bev="0" fileid="2" />
                <SequencePoint vc="0" uspid="39" ordinal="4" sl="39" sc="1" el="39" ec="2" bec="0" bev="0" fileid="2" />
                <SequencePoint vc="0" uspid="41" ordinal="5" sl="41" sc="1" el="41" ec="2" bec="2" bev="0" fileid="2" />
                <SequencePoint vc="0" uspid="42" ordinal="6" sl="42" sc="1" el="42" ec="2" bec="0" bev="0" fileid="2" />
                <SequencePoint vc="0" uspid="43" ordinal="7" sl="43" sc="1" el="43" ec="2" bec="0" bev="0" fileid="2" />
                <SequencePoint vc="0" uspid="44" ordinal="8" sl="44" sc="1" el="44" ec="2" bec="0" bev="0" fileid="2" />
                <SequencePoint vc="0" uspid="45" ordinal="9" sl="45" sc="1" el="45" ec="2" bec="0" bev="0" fileid="2" />
                <SequencePoint vc="0" uspid="46" ordinal="10" sl="46" sc="1" el="46" ec="2" bec="2" bev="0" fileid="2" />
                <SequencePoint vc="0" uspid="47" ordinal="11" sl="47" sc="1" el="47" ec="2" bec="0" bev="0" fileid="2" />
                <SequencePoint vc="0" uspid="48" ordinal="12" sl="48" sc="1" el="48" ec="2" bec="0" bev="0" fileid="2" />
                <SequencePoint vc="0" uspid="49" ordinal="13" sl="49" sc="1" el="49" ec="2" bec="2" bev="0" fileid="2" />
                <SequencePoint vc="0" uspid="50" ordinal="14" sl="50" sc="1" el="50" ec="2" bec="0" bev="0" fileid="2" />
                <SequencePoint vc="0" uspid="51" ordinal="15" sl="51" sc="1" el="51" ec="2" bec="0" bev="0" fileid="2" />
                <SequencePoint vc="0" uspid="52" ordinal="16" sl="52" sc="1" el="52" ec="2" bec="0" bev="0" fileid="2" />
              </SequencePoints>
              <BranchPoints>
                <BranchPoint vc="0" uspid="34" ordinal="0" path="0" offset="52" offsetend="54" sl="34" fileid="2" />
                <BranchPoint vc="0" uspid="34" ordinal="1" path="1" offset="52" offsetend="76" sl="34" fileid="2" />
                <BranchPoint vc="0" uspid="34" ordinal="2" path="0" offset="79" offsetend="81" sl="34" fileid="2" />
                <BranchPoint vc="0" uspid="34" ordinal="3" path="1" offset="79" offsetend="92" sl="34" fileid="2" />
                <BranchPoint vc="0" uspid="41" ordinal="9" path="1" offset="360" offsetend="126" sl="41" fileid="2" />
                <BranchPoint vc="0" uspid="46" ordinal="4" path="0" offset="203" offsetend="205" sl="46" fileid="2" />
                <BranchPoint vc="0" uspid="46" ordinal="5" path="1" offset="203" offsetend="207" sl="46" fileid="2" />
                <BranchPoint vc="0" uspid="49" ordinal="7" path="1" offset="297" offsetend="244" sl="49" fileid="2" />
                <BranchPoint vc="0" uspid="49" ordinal="6" path="0" offset="297" offsetend="299" sl="49" fileid="2" />
                <BranchPoint vc="0" uspid="41" ordinal="8" path="0" offset="360" offsetend="365" sl="41" fileid="2" />
              </BranchPoints>
              <MethodPoint vc="0" uspid="0" p8:type="SequencePoint" ordinal="0" offset="0" sc="0" sl="33" ec="1" el="52" bec="0" bev="0" fileid="2" xmlns:p8="xsi" />
            </Method>
          </Methods>
        </Class>
        <Class>
          <Summary numSequencePoints="13" visitedSequencePoints="12" numBranchPoints="0" visitedBranchPoints="0" sequenceCoverage="92.3" branchCoverage="100" maxCyclomaticComplexity="1" minCyclomaticComplexity="1" visitedClasses="1" numClasses="1" visitedMethods="5" numMethods="6" />
          <FullName>GraphAlgorithms.Graph.Models.DistanceModel`1</FullName>
          <Methods>
            <Method cyclomaticComplexity="1" nPathComplexity="1" sequenceCoverage="100" branchCoverage="100" isConstructor="False" isGetter="True" isSetter="False" isStatic="True">
              <Summary numSequencePoints="1" visitedSequencePoints="1" numBranchPoints="0" visitedBranchPoints="0" sequenceCoverage="100" branchCoverage="100" maxCyclomaticComplexity="1" minCyclomaticComplexity="1" visitedClasses="0" numClasses="0" visitedMethods="1" numMethods="1" />
              <MetadataToken />
              <Name>GraphAlgorithms.Graph.Interfaces.IVertex`1&lt;T&gt; GraphAlgorithms.Graph.Models.DistanceModel`1::get_Vertex()</Name>
              <FileRef uid="3" />
              <SequencePoints>
                <SequencePoint vc="50" uspid="7" ordinal="0" sl="7" sc="1" el="7" ec="2" bec="0" bev="0" fileid="3" />
              </SequencePoints>
              <BranchPoints />
              <MethodPoint vc="1" uspid="0" p8:type="SequencePoint" ordinal="0" offset="0" sc="0" sl="7" ec="1" el="7" bec="0" bev="0" fileid="3" xmlns:p8="xsi" />
            </Method>
            <Method cyclomaticComplexity="1" nPathComplexity="1" sequenceCoverage="100" branchCoverage="100" isConstructor="False" isGetter="True" isSetter="False" isStatic="True">
              <Summary numSequencePoints="1" visitedSequencePoints="1" numBranchPoints="0" visitedBranchPoints="0" sequenceCoverage="100" branchCoverage="100" maxCyclomaticComplexity="1" minCyclomaticComplexity="1" visitedClasses="0" numClasses="0" visitedMethods="1" numMethods="1" />
              <MetadataToken />
              <Name>GraphAlgorithms.Graph.Interfaces.IVertex`1&lt;T&gt; GraphAlgorithms.Graph.Models.DistanceModel`1::get_PreviousVertex()</Name>
              <FileRef uid="3" />
              <SequencePoints>
                <SequencePoint vc="11" uspid="8" ordinal="0" sl="8" sc="1" el="8" ec="2" bec="0" bev="0" fileid="3" />
              </SequencePoints>
              <BranchPoints />
              <MethodPoint vc="1" uspid="0" p8:type="SequencePoint" ordinal="1" offset="1" sc="0" sl="8" ec="1" el="8" bec="0" bev="0" fileid="3" xmlns:p8="xsi" />
            </Method>
            <Method cyclomaticComplexity="1" nPathComplexity="1" sequenceCoverage="100" branchCoverage="100" isConstructor="False" isGetter="True" isSetter="False" isStatic="True">
              <Summary numSequencePoints="1" visitedSequencePoints="1" numBranchPoints="0" visitedBranchPoints="0" sequenceCoverage="100" branchCoverage="100" maxCyclomaticComplexity="1" minCyclomaticComplexity="1" visitedClasses="0" numClasses="0" visitedMethods="1" numMethods="1" />
              <MetadataToken />
              <Name>System.Int32 GraphAlgorithms.Graph.Models.DistanceModel`1::get_Distance()</Name>
              <FileRef uid="3" />
              <SequencePoints>
                <SequencePoint vc="14" uspid="9" ordinal="0" sl="9" sc="1" el="9" ec="2" bec="0" bev="0" fileid="3" />
              </SequencePoints>
              <BranchPoints />
              <MethodPoint vc="1" uspid="0" p8:type="SequencePoint" ordinal="2" offset="2" sc="0" sl="9" ec="1" el="9" bec="0" bev="0" fileid="3" xmlns:p8="xsi" />
            </Method>
            <Method cyclomaticComplexity="1" nPathComplexity="1" sequenceCoverage="0" branchCoverage="100" isConstructor="False" isGetter="False" isSetter="False" isStatic="True">
              <Summary numSequencePoints="1" visitedSequencePoints="0" numBranchPoints="0" visitedBranchPoints="0" sequenceCoverage="0" branchCoverage="100" maxCyclomaticComplexity="1" minCyclomaticComplexity="1" visitedClasses="0" numClasses="0" visitedMethods="0" numMethods="1" />
              <MetadataToken />
              <Name>System.String GraphAlgorithms.Graph.Models.DistanceModel`1::ToString()</Name>
              <FileRef uid="3" />
              <SequencePoints>
                <SequencePoint vc="0" uspid="25" ordinal="0" sl="25" sc="1" el="25" ec="2" bec="0" bev="0" fileid="3" />
              </SequencePoints>
              <BranchPoints />
              <MethodPoint vc="0" uspid="0" p8:type="SequencePoint" ordinal="3" offset="3" sc="0" sl="25" ec="1" el="25" bec="0" bev="0" fileid="3" xmlns:p8="xsi" />
            </Method>
            <Method cyclomaticComplexity="1" nPathComplexity="1" sequenceCoverage="100" branchCoverage="100" isConstructor="True" isGetter="False" isSetter="False" isStatic="True">
              <Summary numSequencePoints="6" visitedSequencePoints="6" numBranchPoints="0" visitedBranchPoints="0" sequenceCoverage="100" branchCoverage="100" maxCyclomaticComplexity="1" minCyclomaticComplexity="1" visitedClasses="0" numClasses="0" visitedMethods="1" numMethods="1" />
              <MetadataToken />
              <Name>System.Void GraphAlgorithms.Graph.Models.DistanceModel`1::.ctor(GraphAlgorithms.Graph.Interfaces.IVertex`1&lt;T&gt;,GraphAlgorithms.Graph.Interfaces.IVertex`1&lt;T&gt;,System.Int32)</Name>
              <FileRef uid="3" />
              <SequencePoints>
                <SequencePoint vc="1" uspid="11" ordinal="0" sl="11" sc="1" el="11" ec="2" bec="0" bev="0" fileid="3" />
                <SequencePoint vc="1" uspid="12" ordinal="1" sl="12" sc="1" el="12" ec="2" bec="0" bev="0" fileid="3" />
                <SequencePoint vc="1" uspid="13" ordinal="2" sl="13" sc="1" el="13" ec="2" bec="0" bev="0" fileid="3" />
                <SequencePoint vc="1" uspid="14" ordinal="3" sl="14" sc="1" el="14" ec="2" bec="0" bev="0" fileid="3" />
                <SequencePoint vc="1" uspid="15" ordinal="4" sl="15" sc="1" el="15" ec="2" bec="0" bev="0" fileid="3" />
                <SequencePoint vc="1" uspid="16" ordinal="5" sl="16" sc="1" el="16" ec="2" bec="0" bev="0" fileid="3" />
              </SequencePoints>
              <BranchPoints />
              <MethodPoint vc="6" uspid="0" p8:type="SequencePoint" ordinal="4" offset="4" sc="0" sl="11" ec="1" el="16" bec="0" bev="0" fileid="3" xmlns:p8="xsi" />
            </Method>
            <Method cyclomaticComplexity="1" nPathComplexity="1" sequenceCoverage="100" branchCoverage="100" isConstructor="True" isGetter="False" isSetter="False" isStatic="True">
              <Summary numSequencePoints="3" visitedSequencePoints="3" numBranchPoints="0" visitedBranchPoints="0" sequenceCoverage="100" branchCoverage="100" maxCyclomaticComplexity="1" minCyclomaticComplexity="1" visitedClasses="0" numClasses="0" visitedMethods="1" numMethods="1" />
              <MetadataToken />
              <Name>System.Void GraphAlgorithms.Graph.Models.DistanceModel`1::.ctor()</Name>
              <FileRef uid="3" />
              <SequencePoints>
                <SequencePoint vc="4" uspid="18" ordinal="0" sl="18" sc="1" el="18" ec="2" bec="0" bev="0" fileid="3" />
                <SequencePoint vc="4" uspid="19" ordinal="1" sl="19" sc="1" el="19" ec="2" bec="0" bev="0" fileid="3" />
                <SequencePoint vc="4" uspid="20" ordinal="2" sl="20" sc="1" el="20" ec="2" bec="0" bev="0" fileid="3" />
              </SequencePoints>
              <BranchPoints />
              <MethodPoint vc="3" uspid="0" p8:type="SequencePoint" ordinal="5" offset="5" sc="0" sl="18" ec="1" el="20" bec="0" bev="0" fileid="3" xmlns:p8="xsi" />
            </Method>
          </Methods>
        </Class>
        <Class>
          <Summary numSequencePoints="22" visitedSequencePoints="22" numBranchPoints="0" visitedBranchPoints="0" sequenceCoverage="100" branchCoverage="100" maxCyclomaticComplexity="1" minCyclomaticComplexity="1" visitedClasses="1" numClasses="1" visitedMethods="7" numMethods="7" />
          <FullName>GraphAlgorithms.Graph.Implementations.Edge`1</FullName>
          <Methods>
            <Method cyclomaticComplexity="1" nPathComplexity="1" sequenceCoverage="100" branchCoverage="100" isConstructor="False" isGetter="True" isSetter="False" isStatic="True">
              <Summary numSequencePoints="1" visitedSequencePoints="1" numBranchPoints="0" visitedBranchPoints="0" sequenceCoverage="100" branchCoverage="100" maxCyclomaticComplexity="1" minCyclomaticComplexity="1" visitedClasses="0" numClasses="0" visitedMethods="1" numMethods="1" />
              <MetadataToken />
              <Name>GraphAlgorithms.Graph.Interfaces.IVertex`1&lt;T&gt; GraphAlgorithms.Graph.Implementations.Edge`1::get_StartVertex()</Name>
              <FileRef uid="4" />
              <SequencePoints>
                <SequencePoint vc="863" uspid="10" ordinal="0" sl="10" sc="1" el="10" ec="2" bec="0" bev="0" fileid="4" />
              </SequencePoints>
              <BranchPoints />
              <MethodPoint vc="1" uspid="0" p8:type="SequencePoint" ordinal="0" offset="0" sc="0" sl="10" ec="1" el="10" bec="0" bev="0" fileid="4" xmlns:p8="xsi" />
            </Method>
            <Method cyclomaticComplexity="1" nPathComplexity="1" sequenceCoverage="100" branchCoverage="100" isConstructor="False" isGetter="True" isSetter="False" isStatic="True">
              <Summary numSequencePoints="1" visitedSequencePoints="1" numBranchPoints="0" visitedBranchPoints="0" sequenceCoverage="100" branchCoverage="100" maxCyclomaticComplexity="1" minCyclomaticComplexity="1" visitedClasses="0" numClasses="0" visitedMethods="1" numMethods="1" />
              <MetadataToken />
              <Name>GraphAlgorithms.Graph.Interfaces.IVertex`1&lt;T&gt; GraphAlgorithms.Graph.Implementations.Edge`1::get_EndVertex()</Name>
              <FileRef uid="4" />
              <SequencePoints>
                <SequencePoint vc="802" uspid="15" ordinal="0" sl="15" sc="1" el="15" ec="2" bec="0" bev="0" fileid="4" />
              </SequencePoints>
              <BranchPoints />
              <MethodPoint vc="1" uspid="0" p8:type="SequencePoint" ordinal="1" offset="1" sc="0" sl="15" ec="1" el="15" bec="0" bev="0" fileid="4" xmlns:p8="xsi" />
            </Method>
            <Method cyclomaticComplexity="1" nPathComplexity="1" sequenceCoverage="100" branchCoverage="100" isConstructor="False" isGetter="True" isSetter="False" isStatic="True">
              <Summary numSequencePoints="1" visitedSequencePoints="1" numBranchPoints="0" visitedBranchPoints="0" sequenceCoverage="100" branchCoverage="100" maxCyclomaticComplexity="1" minCyclomaticComplexity="1" visitedClasses="0" numClasses="0" visitedMethods="1" numMethods="1" />
              <MetadataToken />
              <Name>System.Int32 GraphAlgorithms.Graph.Implementations.Edge`1::get_Weight()</Name>
              <FileRef uid="4" />
              <SequencePoints>
                <SequencePoint vc="29" uspid="20" ordinal="0" sl="20" sc="1" el="20" ec="2" bec="0" bev="0" fileid="4" />
              </SequencePoints>
              <BranchPoints />
              <MethodPoint vc="1" uspid="0" p8:type="SequencePoint" ordinal="2" offset="2" sc="0" sl="20" ec="1" el="20" bec="0" bev="0" fileid="4" xmlns:p8="xsi" />
            </Method>
            <Method cyclomaticComplexity="1" nPathComplexity="1" sequenceCoverage="100" branchCoverage="100" isConstructor="False" isGetter="True" isSetter="False" isStatic="True">
              <Summary numSequencePoints="1" visitedSequencePoints="1" numBranchPoints="0" visitedBranchPoints="0" sequenceCoverage="100" branchCoverage="100" maxCyclomaticComplexity="1" minCyclomaticComplexity="1" visitedClasses="0" numClasses="0" visitedMethods="1" numMethods="1" />
              <MetadataToken />
              <Name>GraphAlgorithms.Graph.Interfaces.IGraph`1&lt;T&gt; GraphAlgorithms.Graph.Implementations.Edge`1::get_CurrentGraph()</Name>
              <FileRef uid="4" />
              <SequencePoints>
                <SequencePoint vc="207" uspid="25" ordinal="0" sl="25" sc="1" el="25" ec="2" bec="0" bev="0" fileid="4" />
              </SequencePoints>
              <BranchPoints />
              <MethodPoint vc="1" uspid="0" p8:type="SequencePoint" ordinal="3" offset="3" sc="0" sl="25" ec="1" el="25" bec="0" bev="0" fileid="4" xmlns:p8="xsi" />
            </Method>
            <Method cyclomaticComplexity="1" nPathComplexity="1" sequenceCoverage="100" branchCoverage="100" isConstructor="True" isGetter="False" isSetter="False" isStatic="True">
              <Summary numSequencePoints="7" visitedSequencePoints="7" numBranchPoints="0" visitedBranchPoints="0" sequenceCoverage="100" branchCoverage="100" maxCyclomaticComplexity="1" minCyclomaticComplexity="1" visitedClasses="0" numClasses="0" visitedMethods="1" numMethods="1" />
              <MetadataToken />
              <Name>System.Void GraphAlgorithms.Graph.Implementations.Edge`1::.ctor(GraphAlgorithms.Graph.Interfaces.IVertex`1&lt;T&gt;,GraphAlgorithms.Graph.Interfaces.IVertex`1&lt;T&gt;,System.Int32,GraphAlgorithms.Graph.Interfaces.IGraph`1&lt;T&gt;)</Name>
              <FileRef uid="4" />
              <SequencePoints>
                <SequencePoint vc="64" uspid="27" ordinal="0" sl="27" sc="1" el="27" ec="2" bec="0" bev="0" fileid="4" />
                <SequencePoint vc="64" uspid="28" ordinal="1" sl="28" sc="1" el="28" ec="2" bec="0" bev="0" fileid="4" />
                <SequencePoint vc="64" uspid="29" ordinal="2" sl="29" sc="1" el="29" ec="2" bec="0" bev="0" fileid="4" />
                <SequencePoint vc="64" uspid="30" ordinal="3" sl="30" sc="1" el="30" ec="2" bec="0" bev="0" fileid="4" />
                <SequencePoint vc="64" uspid="31" ordinal="4" sl="31" sc="1" el="31" ec="2" bec="0" bev="0" fileid="4" />
                <SequencePoint vc="64" uspid="32" ordinal="5" sl="32" sc="1" el="32" ec="2" bec="0" bev="0" fileid="4" />
                <SequencePoint vc="64" uspid="33" ordinal="6" sl="33" sc="1" el="33" ec="2" bec="0" bev="0" fileid="4" />
              </SequencePoints>
              <BranchPoints />
              <MethodPoint vc="7" uspid="0" p8:type="SequencePoint" ordinal="4" offset="4" sc="0" sl="27" ec="1" el="33" bec="0" bev="0" fileid="4" xmlns:p8="xsi" />
            </Method>
            <Method cyclomaticComplexity="1" nPathComplexity="1" sequenceCoverage="100" branchCoverage="100" isConstructor="True" isGetter="False" isSetter="False" isStatic="True">
              <Summary numSequencePoints="6" visitedSequencePoints="6" numBranchPoints="0" visitedBranchPoints="0" sequenceCoverage="100" branchCoverage="100" maxCyclomaticComplexity="1" minCyclomaticComplexity="1" visitedClasses="0" numClasses="0" visitedMethods="1" numMethods="1" />
              <MetadataToken />
              <Name>System.Void GraphAlgorithms.Graph.Implementations.Edge`1::.ctor(GraphAlgorithms.Graph.Interfaces.IVertex`1&lt;T&gt;,GraphAlgorithms.Graph.Interfaces.IVertex`1&lt;T&gt;,GraphAlgorithms.Graph.Interfaces.IGraph`1&lt;T&gt;)</Name>
              <FileRef uid="4" />
              <SequencePoints>
                <SequencePoint vc="60" uspid="35" ordinal="0" sl="35" sc="1" el="35" ec="2" bec="0" bev="0" fileid="4" />
                <SequencePoint vc="60" uspid="36" ordinal="1" sl="36" sc="1" el="36" ec="2" bec="0" bev="0" fileid="4" />
                <SequencePoint vc="60" uspid="37" ordinal="2" sl="37" sc="1" el="37" ec="2" bec="0" bev="0" fileid="4" />
                <SequencePoint vc="60" uspid="38" ordinal="3" sl="38" sc="1" el="38" ec="2" bec="0" bev="0" fileid="4" />
                <SequencePoint vc="60" uspid="39" ordinal="4" sl="39" sc="1" el="39" ec="2" bec="0" bev="0" fileid="4" />
                <SequencePoint vc="60" uspid="40" ordinal="5" sl="40" sc="1" el="40" ec="2" bec="0" bev="0" fileid="4" />
              </SequencePoints>
              <BranchPoints />
              <MethodPoint vc="6" uspid="0" p8:type="SequencePoint" ordinal="5" offset="5" sc="0" sl="35" ec="1" el="40" bec="0" bev="0" fileid="4" xmlns:p8="xsi" />
            </Method>
            <Method cyclomaticComplexity="1" nPathComplexity="1" sequenceCoverage="100" branchCoverage="100" isConstructor="True" isGetter="False" isSetter="False" isStatic="True">
              <Summary numSequencePoints="5" visitedSequencePoints="5" numBranchPoints="0" visitedBranchPoints="0" sequenceCoverage="100" branchCoverage="100" maxCyclomaticComplexity="1" minCyclomaticComplexity="1" visitedClasses="0" numClasses="0" visitedMethods="1" numMethods="1" />
              <MetadataToken />
              <Name>System.Void GraphAlgorithms.Graph.Implementations.Edge`1::.ctor(GraphAlgorithms.Graph.Interfaces.IVertex`1&lt;T&gt;,GraphAlgorithms.Graph.Interfaces.IVertex`1&lt;T&gt;)</Name>
              <FileRef uid="4" />
              <SequencePoints>
                <SequencePoint vc="4" uspid="42" ordinal="0" sl="42" sc="1" el="42" ec="2" bec="0" bev="0" fileid="4" />
                <SequencePoint vc="4" uspid="43" ordinal="1" sl="43" sc="1" el="43" ec="2" bec="0" bev="0" fileid="4" />
                <SequencePoint vc="4" uspid="44" ordinal="2" sl="44" sc="1" el="44" ec="2" bec="0" bev="0" fileid="4" />
                <SequencePoint vc="4" uspid="45" ordinal="3" sl="45" sc="1" el="45" ec="2" bec="0" bev="0" fileid="4" />
                <SequencePoint vc="4" uspid="46" ordinal="4" sl="46" sc="1" el="46" ec="2" bec="0" bev="0" fileid="4" />
              </SequencePoints>
              <BranchPoints />
              <MethodPoint vc="5" uspid="0" p8:type="SequencePoint" ordinal="6" offset="6" sc="0" sl="42" ec="1" el="46" bec="0" bev="0" fileid="4" xmlns:p8="xsi" />
            </Method>
          </Methods>
        </Class>
        <Class>
          <Summary numSequencePoints="130" visitedSequencePoints="126" numBranchPoints="72" visitedBranchPoints="64" sequenceCoverage="96.92" branchCoverage="88.88" maxCyclomaticComplexity="10" minCyclomaticComplexity="1" visitedClasses="1" numClasses="1" visitedMethods="29" numMethods="29" />
          <FullName>GraphAlgorithms.Graph.Implementations.Graph`1</FullName>
          <Methods>
            <Method cyclomaticComplexity="1" nPathComplexity="1" sequenceCoverage="100" branchCoverage="100" isConstructor="False" isGetter="True" isSetter="False" isStatic="True">
              <Summary numSequencePoints="1" visitedSequencePoints="1" numBranchPoints="0" visitedBranchPoints="0" sequenceCoverage="100" branchCoverage="100" maxCyclomaticComplexity="1" minCyclomaticComplexity="1" visitedClasses="0" numClasses="0" visitedMethods="1" numMethods="1" />
              <MetadataToken />
              <Name>System.Collections.Generic.List`1&lt;GraphAlgorithms.Graph.Interfaces.IEdge`1&lt;T&gt;&gt; GraphAlgorithms.Graph.Implementations.Graph`1::get_Edges()</Name>
              <FileRef uid="5" />
              <SequencePoints>
                <SequencePoint vc="458" uspid="13" ordinal="0" sl="13" sc="1" el="13" ec="2" bec="0" bev="0" fileid="5" />
              </SequencePoints>
              <BranchPoints />
              <MethodPoint vc="1" uspid="0" p8:type="SequencePoint" ordinal="0" offset="0" sc="0" sl="13" ec="1" el="13" bec="0" bev="0" fileid="5" xmlns:p8="xsi" />
            </Method>
            <Method cyclomaticComplexity="1" nPathComplexity="1" sequenceCoverage="100" branchCoverage="100" isConstructor="False" isGetter="True" isSetter="False" isStatic="True">
              <Summary numSequencePoints="1" visitedSequencePoints="1" numBranchPoints="0" visitedBranchPoints="0" sequenceCoverage="100" branchCoverage="100" maxCyclomaticComplexity="1" minCyclomaticComplexity="1" visitedClasses="0" numClasses="0" visitedMethods="1" numMethods="1" />
              <MetadataToken />
              <Name>System.Collections.Generic.List`1&lt;GraphAlgorithms.Graph.Interfaces.IVertex`1&lt;T&gt;&gt; GraphAlgorithms.Graph.Implementations.Graph`1::get_Vertices()</Name>
              <FileRef uid="5" />
              <SequencePoints>
                <SequencePoint vc="324" uspid="18" ordinal="0" sl="18" sc="1" el="18" ec="2" bec="0" bev="0" fileid="5" />
              </SequencePoints>
              <BranchPoints />
              <MethodPoint vc="1" uspid="0" p8:type="SequencePoint" ordinal="1" offset="1" sc="0" sl="18" ec="1" el="18" bec="0" bev="0" fileid="5" xmlns:p8="xsi" />
            </Method>
            <Method cyclomaticComplexity="1" nPathComplexity="1" sequenceCoverage="100" branchCoverage="100" isConstructor="False" isGetter="True" isSetter="False" isStatic="True">
              <Summary numSequencePoints="1" visitedSequencePoints="1" numBranchPoints="0" visitedBranchPoints="0" sequenceCoverage="100" branchCoverage="100" maxCyclomaticComplexity="1" minCyclomaticComplexity="1" visitedClasses="0" numClasses="0" visitedMethods="1" numMethods="1" />
              <MetadataToken />
              <Name>System.Int32 GraphAlgorithms.Graph.Implementations.Graph`1::get_Count()</Name>
              <FileRef uid="5" />
              <SequencePoints>
                <SequencePoint vc="5" uspid="23" ordinal="0" sl="23" sc="1" el="23" ec="2" bec="0" bev="0" fileid="5" />
              </SequencePoints>
              <BranchPoints />
              <MethodPoint vc="1" uspid="0" p8:type="SequencePoint" ordinal="2" offset="2" sc="0" sl="23" ec="1" el="23" bec="0" bev="0" fileid="5" xmlns:p8="xsi" />
            </Method>
            <Method cyclomaticComplexity="1" nPathComplexity="1" sequenceCoverage="100" branchCoverage="100" isConstructor="False" isGetter="True" isSetter="False" isStatic="True">
              <Summary numSequencePoints="1" visitedSequencePoints="1" numBranchPoints="0" visitedBranchPoints="0" sequenceCoverage="100" branchCoverage="100" maxCyclomaticComplexity="1" minCyclomaticComplexity="1" visitedClasses="0" numClasses="0" visitedMethods="1" numMethods="1" />
              <MetadataToken />
              <Name>System.Boolean GraphAlgorithms.Graph.Implementations.Graph`1::get_IsEmpty()</Name>
              <FileRef uid="5" />
              <SequencePoints>
                <SequencePoint vc="2" uspid="28" ordinal="0" sl="28" sc="1" el="28" ec="2" bec="0" bev="0" fileid="5" />
              </SequencePoints>
              <BranchPoints />
              <MethodPoint vc="1" uspid="0" p8:type="SequencePoint" ordinal="3" offset="3" sc="0" sl="28" ec="1" el="28" bec="0" bev="0" fileid="5" xmlns:p8="xsi" />
            </Method>
            <Method cyclomaticComplexity="2" nPathComplexity="2" sequenceCoverage="100" branchCoverage="100" isConstructor="False" isGetter="True" isSetter="False" isStatic="True">
              <Summary numSequencePoints="1" visitedSequencePoints="1" numBranchPoints="2" visitedBranchPoints="2" sequenceCoverage="100" branchCoverage="100" maxCyclomaticComplexity="2" minCyclomaticComplexity="2" visitedClasses="0" numClasses="0" visitedMethods="1" numMethods="1" />
              <MetadataToken />
              <Name>System.Boolean GraphAlgorithms.Graph.Implementations.Graph`1::get_IsTraversed()</Name>
              <FileRef uid="5" />
              <SequencePoints>
                <SequencePoint vc="12" uspid="33" ordinal="0" sl="33" sc="1" el="33" ec="2" bec="2" bev="2" fileid="5" />
              </SequencePoints>
              <BranchPoints>
                <BranchPoint vc="1" uspid="33" ordinal="0" path="0" offset="12" offsetend="14" sl="33" fileid="5" />
                <BranchPoint vc="4" uspid="33" ordinal="1" path="1" offset="12" offsetend="37" sl="33" fileid="5" />
              </BranchPoints>
              <MethodPoint vc="1" uspid="0" p8:type="SequencePoint" ordinal="4" offset="4" sc="0" sl="33" ec="1" el="33" bec="0" bev="0" fileid="5" xmlns:p8="xsi" />
            </Method>
            <Method cyclomaticComplexity="2" nPathComplexity="2" sequenceCoverage="100" branchCoverage="100" isConstructor="False" isGetter="False" isSetter="False" isStatic="True">
              <Summary numSequencePoints="5" visitedSequencePoints="5" numBranchPoints="2" visitedBranchPoints="2" sequenceCoverage="100" branchCoverage="100" maxCyclomaticComplexity="2" minCyclomaticComplexity="2" visitedClasses="0" numClasses="0" visitedMethods="1" numMethods="1" />
              <MetadataToken />
              <Name>System.Collections.Generic.List`1&lt;GraphAlgorithms.Graph.Interfaces.IVertex`1&lt;T&gt;&gt; GraphAlgorithms.Graph.Implementations.Graph`1::AdjacentVertices(GraphAlgorithms.Graph.Interfaces.IVertex`1&lt;T&gt;)</Name>
              <FileRef uid="5" />
              <SequencePoints>
                <SequencePoint vc="3" uspid="45" ordinal="0" sl="45" sc="1" el="45" ec="2" bec="0" bev="0" fileid="5" />
                <SequencePoint vc="3" uspid="46" ordinal="1" sl="46" sc="1" el="46" ec="2" bec="2" bev="2" fileid="5" />
                <SequencePoint vc="2" uspid="47" ordinal="2" sl="47" sc="1" el="47" ec="2" bec="0" bev="0" fileid="5" />
                <SequencePoint vc="1" uspid="49" ordinal="3" sl="49" sc="1" el="49" ec="2" bec="0" bev="0" fileid="5" />
                <SequencePoint vc="1" uspid="50" ordinal="4" sl="50" sc="1" el="50" ec="2" bec="0" bev="0" fileid="5" />
              </SequencePoints>
              <BranchPoints>
                <BranchPoint vc="2" uspid="46" ordinal="0" path="0" offset="13" offsetend="15" sl="46" fileid="5" />
                <BranchPoint vc="1" uspid="46" ordinal="1" path="1" offset="13" offsetend="26" sl="46" fileid="5" />
              </BranchPoints>
              <MethodPoint vc="5" uspid="0" p8:type="SequencePoint" ordinal="5" offset="5" sc="0" sl="45" ec="1" el="50" bec="0" bev="0" fileid="5" xmlns:p8="xsi" />
            </Method>
            <Method cyclomaticComplexity="2" nPathComplexity="2" sequenceCoverage="80" branchCoverage="50" isConstructor="False" isGetter="False" isSetter="False" isStatic="True">
              <Summary numSequencePoints="5" visitedSequencePoints="4" numBranchPoints="2" visitedBranchPoints="1" sequenceCoverage="80" branchCoverage="50" maxCyclomaticComplexity="2" minCyclomaticComplexity="2" visitedClasses="0" numClasses="0" visitedMethods="1" numMethods="1" />
              <MetadataToken />
              <Name>System.Collections.Generic.List`1&lt;GraphAlgorithms.Graph.Interfaces.IVertex`1&lt;T&gt;&gt; GraphAlgorithms.Graph.Implementations.Graph`1::AdjacentUnvisitedVertices(GraphAlgorithms.Graph.Interfaces.IVertex`1&lt;T&gt;)</Name>
              <FileRef uid="5" />
              <SequencePoints>
                <SequencePoint vc="1" uspid="56" ordinal="0" sl="56" sc="1" el="56" ec="2" bec="0" bev="0" fileid="5" />
                <SequencePoint vc="1" uspid="57" ordinal="1" sl="57" sc="1" el="57" ec="2" bec="2" bev="1" fileid="5" />
                <SequencePoint vc="0" uspid="58" ordinal="2" sl="58" sc="1" el="58" ec="2" bec="0" bev="0" fileid="5" />
                <SequencePoint vc="1" uspid="60" ordinal="3" sl="60" sc="1" el="60" ec="2" bec="0" bev="0" fileid="5" />
                <SequencePoint vc="1" uspid="61" ordinal="4" sl="61" sc="1" el="61" ec="2" bec="0" bev="0" fileid="5" />
              </SequencePoints>
              <BranchPoints>
                <BranchPoint vc="0" uspid="57" ordinal="0" path="0" offset="13" offsetend="15" sl="57" fileid="5" />
                <BranchPoint vc="1" uspid="57" ordinal="1" path="1" offset="13" offsetend="26" sl="57" fileid="5" />
              </BranchPoints>
              <MethodPoint vc="4" uspid="0" p8:type="SequencePoint" ordinal="6" offset="6" sc="0" sl="56" ec="1" el="61" bec="0" bev="0" fileid="5" xmlns:p8="xsi" />
            </Method>
            <Method cyclomaticComplexity="2" nPathComplexity="2" sequenceCoverage="100" branchCoverage="100" isConstructor="False" isGetter="False" isSetter="False" isStatic="True">
              <Summary numSequencePoints="1" visitedSequencePoints="1" numBranchPoints="2" visitedBranchPoints="2" sequenceCoverage="100" branchCoverage="100" maxCyclomaticComplexity="2" minCyclomaticComplexity="2" visitedClasses="0" numClasses="0" visitedMethods="1" numMethods="1" />
              <MetadataToken />
              <Name>System.Collections.Generic.List`1&lt;GraphAlgorithms.Graph.Interfaces.IVertex`1&lt;T&gt;&gt; GraphAlgorithms.Graph.Implementations.Graph`1::UnvisitedVertices()</Name>
              <FileRef uid="5" />
              <SequencePoints>
                <SequencePoint vc="42" uspid="66" ordinal="0" sl="66" sc="1" el="66" ec="2" bec="2" bev="2" fileid="5" />
              </SequencePoints>
              <BranchPoints>
                <BranchPoint vc="1" uspid="66" ordinal="0" path="0" offset="12" offsetend="14" sl="66" fileid="5" />
                <BranchPoint vc="7" uspid="66" ordinal="1" path="1" offset="12" offsetend="37" sl="66" fileid="5" />
              </BranchPoints>
              <MethodPoint vc="1" uspid="0" p8:type="SequencePoint" ordinal="7" offset="7" sc="0" sl="66" ec="1" el="66" bec="0" bev="0" fileid="5" xmlns:p8="xsi" />
            </Method>
            <Method cyclomaticComplexity="2" nPathComplexity="2" sequenceCoverage="100" branchCoverage="100" isConstructor="False" isGetter="False" isSetter="False" isStatic="True">
              <Summary numSequencePoints="5" visitedSequencePoints="5" numBranchPoints="2" visitedBranchPoints="2" sequenceCoverage="100" branchCoverage="100" maxCyclomaticComplexity="2" minCyclomaticComplexity="2" visitedClasses="0" numClasses="0" visitedMethods="1" numMethods="1" />
              <MetadataToken />
              <Name>System.Collections.Generic.List`1&lt;GraphAlgorithms.Graph.Interfaces.IEdge`1&lt;T&gt;&gt; GraphAlgorithms.Graph.Implementations.Graph`1::EdgesToAdjacentVertices(GraphAlgorithms.Graph.Interfaces.IVertex`1&lt;T&gt;)</Name>
              <FileRef uid="5" />
              <SequencePoints>
                <SequencePoint vc="4" uspid="72" ordinal="0" sl="72" sc="1" el="72" ec="2" bec="0" bev="0" fileid="5" />
                <SequencePoint vc="4" uspid="73" ordinal="1" sl="73" sc="1" el="73" ec="2" bec="2" bev="2" fileid="5" />
                <SequencePoint vc="2" uspid="74" ordinal="2" sl="74" sc="1" el="74" ec="2" bec="0" bev="0" fileid="5" />
                <SequencePoint vc="2" uspid="76" ordinal="3" sl="76" sc="1" el="76" ec="2" bec="0" bev="0" fileid="5" />
                <SequencePoint vc="2" uspid="77" ordinal="4" sl="77" sc="1" el="77" ec="2" bec="0" bev="0" fileid="5" />
              </SequencePoints>
              <BranchPoints>
                <BranchPoint vc="2" uspid="73" ordinal="0" path="0" offset="13" offsetend="15" sl="73" fileid="5" />
                <BranchPoint vc="2" uspid="73" ordinal="1" path="1" offset="13" offsetend="26" sl="73" fileid="5" />
              </BranchPoints>
              <MethodPoint vc="5" uspid="0" p8:type="SequencePoint" ordinal="8" offset="8" sc="0" sl="72" ec="1" el="77" bec="0" bev="0" fileid="5" xmlns:p8="xsi" />
            </Method>
            <Method cyclomaticComplexity="2" nPathComplexity="2" sequenceCoverage="80" branchCoverage="50" isConstructor="False" isGetter="False" isSetter="False" isStatic="True">
              <Summary numSequencePoints="5" visitedSequencePoints="4" numBranchPoints="2" visitedBranchPoints="1" sequenceCoverage="80" branchCoverage="50" maxCyclomaticComplexity="2" minCyclomaticComplexity="2" visitedClasses="0" numClasses="0" visitedMethods="1" numMethods="1" />
              <MetadataToken />
              <Name>System.Collections.Generic.List`1&lt;GraphAlgorithms.Graph.Interfaces.IEdge`1&lt;T&gt;&gt; GraphAlgorithms.Graph.Implementations.Graph`1::EdgesToAdjacentUnvisitedVertices(GraphAlgorithms.Graph.Interfaces.IVertex`1&lt;T&gt;)</Name>
              <FileRef uid="5" />
              <SequencePoints>
                <SequencePoint vc="7" uspid="83" ordinal="0" sl="83" sc="1" el="83" ec="2" bec="0" bev="0" fileid="5" />
                <SequencePoint vc="7" uspid="84" ordinal="1" sl="84" sc="1" el="84" ec="2" bec="2" bev="1" fileid="5" />
                <SequencePoint vc="0" uspid="85" ordinal="2" sl="85" sc="1" el="85" ec="2" bec="0" bev="0" fileid="5" />
                <SequencePoint vc="7" uspid="87" ordinal="3" sl="87" sc="1" el="87" ec="2" bec="0" bev="0" fileid="5" />
                <SequencePoint vc="7" uspid="88" ordinal="4" sl="88" sc="1" el="88" ec="2" bec="0" bev="0" fileid="5" />
              </SequencePoints>
              <BranchPoints>
                <BranchPoint vc="0" uspid="84" ordinal="0" path="0" offset="13" offsetend="15" sl="84" fileid="5" />
                <BranchPoint vc="7" uspid="84" ordinal="1" path="1" offset="13" offsetend="26" sl="84" fileid="5" />
              </BranchPoints>
              <MethodPoint vc="4" uspid="0" p8:type="SequencePoint" ordinal="9" offset="9" sc="0" sl="83" ec="1" el="88" bec="0" bev="0" fileid="5" xmlns:p8="xsi" />
            </Method>
            <Method cyclomaticComplexity="4" nPathComplexity="4" sequenceCoverage="100" branchCoverage="100" isConstructor="False" isGetter="False" isSetter="False" isStatic="True">
              <Summary numSequencePoints="5" visitedSequencePoints="5" numBranchPoints="4" visitedBranchPoints="4" sequenceCoverage="100" branchCoverage="100" maxCyclomaticComplexity="4" minCyclomaticComplexity="4" visitedClasses="0" numClasses="0" visitedMethods="1" numMethods="1" />
              <MetadataToken />
              <Name>System.Collections.Generic.List`1&lt;GraphAlgorithms.Graph.Interfaces.IEdge`1&lt;T&gt;&gt; GraphAlgorithms.Graph.Implementations.Graph`1::EdgesContainVertex(GraphAlgorithms.Graph.Interfaces.IVertex`1&lt;T&gt;)</Name>
              <FileRef uid="5" />
              <SequencePoints>
                <SequencePoint vc="13" uspid="94" ordinal="0" sl="94" sc="1" el="94" ec="2" bec="0" bev="0" fileid="5" />
                <SequencePoint vc="13" uspid="95" ordinal="1" sl="95" sc="1" el="95" ec="2" bec="2" bev="2" fileid="5" />
                <SequencePoint vc="1" uspid="96" ordinal="2" sl="96" sc="1" el="96" ec="2" bec="0" bev="0" fileid="5" />
                <SequencePoint vc="56" uspid="98" ordinal="3" sl="98" sc="1" el="98" ec="2" bec="2" bev="2" fileid="5" />
                <SequencePoint vc="12" uspid="99" ordinal="4" sl="99" sc="1" el="99" ec="2" bec="0" bev="0" fileid="5" />
              </SequencePoints>
              <BranchPoints>
                <BranchPoint vc="1" uspid="95" ordinal="0" path="0" offset="31" offsetend="33" sl="95" fileid="5" />
                <BranchPoint vc="12" uspid="95" ordinal="1" path="1" offset="31" offsetend="44" sl="95" fileid="5" />
                <BranchPoint vc="31" uspid="98" ordinal="0" path="0" offset="17" offsetend="19" sl="98" fileid="5" />
                <BranchPoint vc="13" uspid="98" ordinal="1" path="1" offset="17" offsetend="38" sl="98" fileid="5" />
              </BranchPoints>
              <MethodPoint vc="5" uspid="0" p8:type="SequencePoint" ordinal="10" offset="10" sc="0" sl="94" ec="1" el="99" bec="0" bev="0" fileid="5" xmlns:p8="xsi" />
            </Method>
            <Method cyclomaticComplexity="4" nPathComplexity="4" sequenceCoverage="100" branchCoverage="100" isConstructor="False" isGetter="False" isSetter="False" isStatic="True">
              <Summary numSequencePoints="5" visitedSequencePoints="5" numBranchPoints="4" visitedBranchPoints="4" sequenceCoverage="100" branchCoverage="100" maxCyclomaticComplexity="4" minCyclomaticComplexity="4" visitedClasses="0" numClasses="0" visitedMethods="1" numMethods="1" />
              <MetadataToken />
              <Name>System.Boolean GraphAlgorithms.Graph.Implementations.Graph`1::AreAdjacent(GraphAlgorithms.Graph.Interfaces.IVertex`1&lt;T&gt;,GraphAlgorithms.Graph.Interfaces.IVertex`1&lt;T&gt;)</Name>
              <FileRef uid="5" />
              <SequencePoints>
                <SequencePoint vc="17" uspid="106" ordinal="0" sl="106" sc="1" el="106" ec="2" bec="0" bev="0" fileid="5" />
                <SequencePoint vc="17" uspid="107" ordinal="1" sl="107" sc="1" el="107" ec="2" bec="4" bev="4" fileid="5" />
                <SequencePoint vc="2" uspid="108" ordinal="2" sl="108" sc="1" el="108" ec="2" bec="0" bev="0" fileid="5" />
                <SequencePoint vc="15" uspid="110" ordinal="3" sl="110" sc="1" el="110" ec="2" bec="0" bev="0" fileid="5" />
                <SequencePoint vc="15" uspid="111" ordinal="4" sl="111" sc="1" el="111" ec="2" bec="0" bev="0" fileid="5" />
              </SequencePoints>
              <BranchPoints>
                <BranchPoint vc="15" uspid="107" ordinal="0" path="0" offset="8" offsetend="10" sl="107" fileid="5" />
                <BranchPoint vc="2" uspid="107" ordinal="1" path="1" offset="8" offsetend="22" sl="107" fileid="5" />
                <BranchPoint vc="2" uspid="107" ordinal="2" path="0" offset="25" offsetend="27" sl="107" fileid="5" />
                <BranchPoint vc="15" uspid="107" ordinal="3" path="1" offset="25" offsetend="38" sl="107" fileid="5" />
              </BranchPoints>
              <MethodPoint vc="5" uspid="0" p8:type="SequencePoint" ordinal="11" offset="11" sc="0" sl="106" ec="1" el="111" bec="0" bev="0" fileid="5" xmlns:p8="xsi" />
            </Method>
            <Method cyclomaticComplexity="2" nPathComplexity="2" sequenceCoverage="100" branchCoverage="100" isConstructor="False" isGetter="False" isSetter="False" isStatic="True">
              <Summary numSequencePoints="7" visitedSequencePoints="7" numBranchPoints="2" visitedBranchPoints="2" sequenceCoverage="100" branchCoverage="100" maxCyclomaticComplexity="2" minCyclomaticComplexity="2" visitedClasses="0" numClasses="0" visitedMethods="1" numMethods="1" />
              <MetadataToken />
              <Name>GraphAlgorithms.Graph.Interfaces.IVertex`1&lt;T&gt; GraphAlgorithms.Graph.Implementations.Graph`1::AddVertex(T)</Name>
              <FileRef uid="5" />
              <SequencePoints>
                <SequencePoint vc="133" uspid="117" ordinal="0" sl="117" sc="1" el="117" ec="2" bec="0" bev="0" fileid="5" />
                <SequencePoint vc="133" uspid="118" ordinal="1" sl="118" sc="1" el="118" ec="2" bec="2" bev="2" fileid="5" />
                <SequencePoint vc="1" uspid="119" ordinal="2" sl="119" sc="1" el="119" ec="2" bec="0" bev="0" fileid="5" />
                <SequencePoint vc="132" uspid="121" ordinal="3" sl="121" sc="1" el="121" ec="2" bec="0" bev="0" fileid="5" />
                <SequencePoint vc="132" uspid="122" ordinal="4" sl="122" sc="1" el="122" ec="2" bec="0" bev="0" fileid="5" />
                <SequencePoint vc="132" uspid="123" ordinal="5" sl="123" sc="1" el="123" ec="2" bec="0" bev="0" fileid="5" />
                <SequencePoint vc="132" uspid="124" ordinal="6" sl="124" sc="1" el="124" ec="2" bec="0" bev="0" fileid="5" />
              </SequencePoints>
              <BranchPoints>
                <BranchPoint vc="1" uspid="118" ordinal="0" path="0" offset="10" offsetend="12" sl="118" fileid="5" />
                <BranchPoint vc="132" uspid="118" ordinal="1" path="1" offset="10" offsetend="23" sl="118" fileid="5" />
              </BranchPoints>
              <MethodPoint vc="7" uspid="0" p8:type="SequencePoint" ordinal="12" offset="12" sc="0" sl="117" ec="1" el="124" bec="0" bev="0" fileid="5" xmlns:p8="xsi" />
            </Method>
            <Method cyclomaticComplexity="4" nPathComplexity="4" sequenceCoverage="100" branchCoverage="100" isConstructor="False" isGetter="False" isSetter="False" isStatic="True">
              <Summary numSequencePoints="7" visitedSequencePoints="7" numBranchPoints="4" visitedBranchPoints="4" sequenceCoverage="100" branchCoverage="100" maxCyclomaticComplexity="4" minCyclomaticComplexity="4" visitedClasses="0" numClasses="0" visitedMethods="1" numMethods="1" />
              <MetadataToken />
              <Name>GraphAlgorithms.Graph.Interfaces.IEdge`1&lt;T&gt; GraphAlgorithms.Graph.Implementations.Graph`1::AddEdge(GraphAlgorithms.Graph.Interfaces.IVertex`1&lt;T&gt;,GraphAlgorithms.Graph.Interfaces.IVertex`1&lt;T&gt;)</Name>
              <FileRef uid="5" />
              <SequencePoints>
                <SequencePoint vc="61" uspid="131" ordinal="0" sl="131" sc="1" el="131" ec="2" bec="0" bev="0" fileid="5" />
                <SequencePoint vc="61" uspid="132" ordinal="1" sl="132" sc="1" el="132" ec="2" bec="4" bev="4" fileid="5" />
                <SequencePoint vc="1" uspid="133" ordinal="2" sl="133" sc="1" el="133" ec="2" bec="0" bev="0" fileid="5" />
                <SequencePoint vc="60" uspid="135" ordinal="3" sl="135" sc="1" el="135" ec="2" bec="0" bev="0" fileid="5" />
                <SequencePoint vc="60" uspid="136" ordinal="4" sl="136" sc="1" el="136" ec="2" bec="0" bev="0" fileid="5" />
                <SequencePoint vc="60" uspid="137" ordinal="5" sl="137" sc="1" el="137" ec="2" bec="0" bev="0" fileid="5" />
                <SequencePoint vc="60" uspid="138" ordinal="6" sl="138" sc="1" el="138" ec="2" bec="0" bev="0" fileid="5" />
              </SequencePoints>
              <BranchPoints>
                <BranchPoint vc="60" uspid="132" ordinal="0" path="0" offset="8" offsetend="10" sl="132" fileid="5" />
                <BranchPoint vc="1" uspid="132" ordinal="1" path="1" offset="8" offsetend="22" sl="132" fileid="5" />
                <BranchPoint vc="1" uspid="132" ordinal="2" path="0" offset="25" offsetend="27" sl="132" fileid="5" />
                <BranchPoint vc="60" uspid="132" ordinal="3" path="1" offset="25" offsetend="38" sl="132" fileid="5" />
              </BranchPoints>
              <MethodPoint vc="7" uspid="0" p8:type="SequencePoint" ordinal="13" offset="13" sc="0" sl="131" ec="1" el="138" bec="0" bev="0" fileid="5" xmlns:p8="xsi" />
            </Method>
            <Method cyclomaticComplexity="4" nPathComplexity="4" sequenceCoverage="85.71" branchCoverage="50" isConstructor="False" isGetter="False" isSetter="False" isStatic="True">
              <Summary numSequencePoints="7" visitedSequencePoints="6" numBranchPoints="4" visitedBranchPoints="2" sequenceCoverage="85.71" branchCoverage="50" maxCyclomaticComplexity="4" minCyclomaticComplexity="4" visitedClasses="0" numClasses="0" visitedMethods="1" numMethods="1" />
              <MetadataToken />
              <Name>GraphAlgorithms.Graph.Interfaces.IEdge`1&lt;T&gt; GraphAlgorithms.Graph.Implementations.Graph`1::AddEdge(GraphAlgorithms.Graph.Interfaces.IVertex`1&lt;T&gt;,GraphAlgorithms.Graph.Interfaces.IVertex`1&lt;T&gt;,System.Int32)</Name>
              <FileRef uid="5" />
              <SequencePoints>
                <SequencePoint vc="64" uspid="145" ordinal="0" sl="145" sc="1" el="145" ec="2" bec="0" bev="0" fileid="5" />
                <SequencePoint vc="64" uspid="146" ordinal="1" sl="146" sc="1" el="146" ec="2" bec="4" bev="2" fileid="5" />
                <SequencePoint vc="0" uspid="147" ordinal="2" sl="147" sc="1" el="147" ec="2" bec="0" bev="0" fileid="5" />
                <SequencePoint vc="64" uspid="149" ordinal="3" sl="149" sc="1" el="149" ec="2" bec="0" bev="0" fileid="5" />
                <SequencePoint vc="64" uspid="150" ordinal="4" sl="150" sc="1" el="150" ec="2" bec="0" bev="0" fileid="5" />
                <SequencePoint vc="64" uspid="151" ordinal="5" sl="151" sc="1" el="151" ec="2" bec="0" bev="0" fileid="5" />
                <SequencePoint vc="64" uspid="152" ordinal="6" sl="152" sc="1" el="152" ec="2" bec="0" bev="0" fileid="5" />
              </SequencePoints>
              <BranchPoints>
                <BranchPoint vc="64" uspid="146" ordinal="0" path="0" offset="8" offsetend="10" sl="146" fileid="5" />
                <BranchPoint vc="0" uspid="146" ordinal="1" path="1" offset="8" offsetend="22" sl="146" fileid="5" />
                <BranchPoint vc="0" uspid="146" ordinal="2" path="0" offset="25" offsetend="27" sl="146" fileid="5" />
                <BranchPoint vc="64" uspid="146" ordinal="3" path="1" offset="25" offsetend="38" sl="146" fileid="5" />
              </BranchPoints>
              <MethodPoint vc="6" uspid="0" p8:type="SequencePoint" ordinal="14" offset="14" sc="0" sl="145" ec="1" el="152" bec="0" bev="0" fileid="5" xmlns:p8="xsi" />
            </Method>
            <Method cyclomaticComplexity="2" nPathComplexity="2" sequenceCoverage="100" branchCoverage="100" isConstructor="False" isGetter="False" isSetter="False" isStatic="True">
              <Summary numSequencePoints="9" visitedSequencePoints="9" numBranchPoints="2" visitedBranchPoints="2" sequenceCoverage="100" branchCoverage="100" maxCyclomaticComplexity="2" minCyclomaticComplexity="2" visitedClasses="0" numClasses="0" visitedMethods="1" numMethods="1" />
              <MetadataToken />
              <Name>System.Void GraphAlgorithms.Graph.Implementations.Graph`1::RemoveVertex(T)</Name>
              <FileRef uid="5" />
              <SequencePoints>
                <SequencePoint vc="2" uspid="158" ordinal="0" sl="158" sc="1" el="158" ec="2" bec="0" bev="0" fileid="5" />
                <SequencePoint vc="2" uspid="159" ordinal="1" sl="159" sc="1" el="159" ec="2" bec="2" bev="2" fileid="5" />
                <SequencePoint vc="1" uspid="160" ordinal="2" sl="160" sc="1" el="160" ec="2" bec="0" bev="0" fileid="5" />
                <SequencePoint vc="2" uspid="162" ordinal="3" sl="162" sc="1" el="162" ec="2" bec="0" bev="0" fileid="5" />
                <SequencePoint vc="1" uspid="163" ordinal="4" sl="163" sc="1" el="163" ec="2" bec="0" bev="0" fileid="5" />
                <SequencePoint vc="1" uspid="165" ordinal="5" sl="165" sc="1" el="165" ec="2" bec="0" bev="0" fileid="5" />
                <SequencePoint vc="1" uspid="166" ordinal="6" sl="166" sc="1" el="166" ec="2" bec="0" bev="0" fileid="5" />
                <SequencePoint vc="1" uspid="167" ordinal="7" sl="167" sc="1" el="167" ec="2" bec="0" bev="0" fileid="5" />
                <SequencePoint vc="1" uspid="168" ordinal="8" sl="168" sc="1" el="168" ec="2" bec="0" bev="0" fileid="5" />
              </SequencePoints>
              <BranchPoints>
                <BranchPoint vc="1" uspid="159" ordinal="0" path="0" offset="31" offsetend="33" sl="159" fileid="5" />
                <BranchPoint vc="1" uspid="159" ordinal="1" path="1" offset="31" offsetend="44" sl="159" fileid="5" />
              </BranchPoints>
              <MethodPoint vc="9" uspid="0" p8:type="SequencePoint" ordinal="15" offset="15" sc="0" sl="158" ec="1" el="168" bec="0" bev="0" fileid="5" xmlns:p8="xsi" />
            </Method>
            <Method cyclomaticComplexity="2" nPathComplexity="2" sequenceCoverage="100" branchCoverage="100" isConstructor="False" isGetter="False" isSetter="False" isStatic="True">
              <Summary numSequencePoints="8" visitedSequencePoints="8" numBranchPoints="2" visitedBranchPoints="2" sequenceCoverage="100" branchCoverage="100" maxCyclomaticComplexity="2" minCyclomaticComplexity="2" visitedClasses="0" numClasses="0" visitedMethods="1" numMethods="1" />
              <MetadataToken />
              <Name>System.Void GraphAlgorithms.Graph.Implementations.Graph`1::RemoveVertex(GraphAlgorithms.Graph.Interfaces.IVertex`1&lt;T&gt;)</Name>
              <FileRef uid="5" />
              <SequencePoints>
                <SequencePoint vc="11" uspid="174" ordinal="0" sl="174" sc="1" el="174" ec="2" bec="0" bev="0" fileid="5" />
                <SequencePoint vc="11" uspid="175" ordinal="1" sl="175" sc="1" el="175" ec="2" bec="2" bev="2" fileid="5" />
                <SequencePoint vc="1" uspid="176" ordinal="2" sl="176" sc="1" el="176" ec="2" bec="0" bev="0" fileid="5" />
                <SequencePoint vc="10" uspid="178" ordinal="3" sl="178" sc="1" el="178" ec="2" bec="0" bev="0" fileid="5" />
                <SequencePoint vc="10" uspid="180" ordinal="4" sl="180" sc="1" el="180" ec="2" bec="0" bev="0" fileid="5" />
                <SequencePoint vc="10" uspid="181" ordinal="5" sl="181" sc="1" el="181" ec="2" bec="0" bev="0" fileid="5" />
                <SequencePoint vc="10" uspid="182" ordinal="6" sl="182" sc="1" el="182" ec="2" bec="0" bev="0" fileid="5" />
                <SequencePoint vc="10" uspid="183" ordinal="7" sl="183" sc="1" el="183" ec="2" bec="0" bev="0" fileid="5" />
              </SequencePoints>
              <BranchPoints>
                <BranchPoint vc="1" uspid="175" ordinal="0" path="0" offset="13" offsetend="15" sl="175" fileid="5" />
                <BranchPoint vc="10" uspid="175" ordinal="1" path="1" offset="13" offsetend="26" sl="175" fileid="5" />
              </BranchPoints>
              <MethodPoint vc="8" uspid="0" p8:type="SequencePoint" ordinal="16" offset="16" sc="0" sl="174" ec="1" el="183" bec="0" bev="0" fileid="5" xmlns:p8="xsi" />
            </Method>
            <Method cyclomaticComplexity="8" nPathComplexity="8" sequenceCoverage="100" branchCoverage="87.5" isConstructor="False" isGetter="False" isSetter="False" isStatic="True">
              <Summary numSequencePoints="10" visitedSequencePoints="10" numBranchPoints="8" visitedBranchPoints="7" sequenceCoverage="100" branchCoverage="87.5" maxCyclomaticComplexity="8" minCyclomaticComplexity="8" visitedClasses="0" numClasses="0" visitedMethods="1" numMethods="1" />
              <MetadataToken />
              <Name>System.Void GraphAlgorithms.Graph.Implementations.Graph`1::RemoveEdge(GraphAlgorithms.Graph.Interfaces.IVertex`1&lt;T&gt;,GraphAlgorithms.Graph.Interfaces.IVertex`1&lt;T&gt;)</Name>
              <FileRef uid="5" />
              <SequencePoints>
                <SequencePoint vc="4" uspid="189" ordinal="0" sl="189" sc="1" el="189" ec="2" bec="0" bev="0" fileid="5" />
                <SequencePoint vc="4" uspid="190" ordinal="1" sl="190" sc="1" el="190" ec="2" bec="4" bev="4" fileid="5" />
                <SequencePoint vc="1" uspid="191" ordinal="2" sl="191" sc="1" el="191" ec="2" bec="0" bev="0" fileid="5" />
                <SequencePoint vc="3" uspid="193" ordinal="3" sl="193" sc="1" el="193" ec="2" bec="2" bev="2" fileid="5" />
                <SequencePoint vc="1" uspid="194" ordinal="4" sl="194" sc="1" el="194" ec="2" bec="0" bev="0" fileid="5" />
                <SequencePoint vc="4" uspid="196" ordinal="5" sl="196" sc="1" el="196" ec="2" bec="2" bev="1" fileid="5" />
                <SequencePoint vc="4" uspid="197" ordinal="6" sl="197" sc="1" el="197" ec="2" bec="0" bev="0" fileid="5" />
                <SequencePoint vc="2" uspid="198" ordinal="7" sl="198" sc="1" el="198" ec="2" bec="0" bev="0" fileid="5" />
                <SequencePoint vc="2" uspid="200" ordinal="8" sl="200" sc="1" el="200" ec="2" bec="0" bev="0" fileid="5" />
                <SequencePoint vc="2" uspid="201" ordinal="9" sl="201" sc="1" el="201" ec="2" bec="0" bev="0" fileid="5" />
              </SequencePoints>
              <BranchPoints>
                <BranchPoint vc="3" uspid="190" ordinal="0" path="0" offset="33" offsetend="35" sl="190" fileid="5" />
                <BranchPoint vc="1" uspid="190" ordinal="1" path="1" offset="33" offsetend="52" sl="190" fileid="5" />
                <BranchPoint vc="1" uspid="190" ordinal="2" path="0" offset="55" offsetend="57" sl="190" fileid="5" />
                <BranchPoint vc="3" uspid="190" ordinal="3" path="1" offset="55" offsetend="68" sl="190" fileid="5" />
                <BranchPoint vc="1" uspid="193" ordinal="4" path="0" offset="91" offsetend="93" sl="193" fileid="5" />
                <BranchPoint vc="2" uspid="193" ordinal="5" path="1" offset="91" offsetend="104" sl="193" fileid="5" />
                <BranchPoint vc="2" uspid="196" ordinal="0" path="0" offset="17" offsetend="19" sl="196" fileid="5" />
                <BranchPoint vc="0" uspid="196" ordinal="1" path="1" offset="17" offsetend="38" sl="196" fileid="5" />
              </BranchPoints>
              <MethodPoint vc="10" uspid="0" p8:type="SequencePoint" ordinal="17" offset="17" sc="0" sl="189" ec="1" el="201" bec="0" bev="0" fileid="5" xmlns:p8="xsi" />
            </Method>
            <Method cyclomaticComplexity="6" nPathComplexity="6" sequenceCoverage="100" branchCoverage="100" isConstructor="False" isGetter="False" isSetter="False" isStatic="True">
              <Summary numSequencePoints="8" visitedSequencePoints="8" numBranchPoints="6" visitedBranchPoints="6" sequenceCoverage="100" branchCoverage="100" maxCyclomaticComplexity="6" minCyclomaticComplexity="6" visitedClasses="0" numClasses="0" visitedMethods="1" numMethods="1" />
              <MetadataToken />
              <Name>System.Void GraphAlgorithms.Graph.Implementations.Graph`1::RemoveEdge(GraphAlgorithms.Graph.Interfaces.IEdge`1&lt;T&gt;)</Name>
              <FileRef uid="5" />
              <SequencePoints>
                <SequencePoint vc="39" uspid="207" ordinal="0" sl="207" sc="1" el="207" ec="2" bec="0" bev="0" fileid="5" />
                <SequencePoint vc="39" uspid="208" ordinal="1" sl="208" sc="1" el="208" ec="2" bec="4" bev="4" fileid="5" />
                <SequencePoint vc="3" uspid="209" ordinal="2" sl="209" sc="1" el="209" ec="2" bec="0" bev="0" fileid="5" />
                <SequencePoint vc="36" uspid="211" ordinal="3" sl="211" sc="1" el="211" ec="2" bec="2" bev="2" fileid="5" />
                <SequencePoint vc="1" uspid="212" ordinal="4" sl="212" sc="1" el="212" ec="2" bec="0" bev="0" fileid="5" />
                <SequencePoint vc="35" uspid="214" ordinal="5" sl="214" sc="1" el="214" ec="2" bec="0" bev="0" fileid="5" />
                <SequencePoint vc="35" uspid="215" ordinal="6" sl="215" sc="1" el="215" ec="2" bec="0" bev="0" fileid="5" />
                <SequencePoint vc="35" uspid="216" ordinal="7" sl="216" sc="1" el="216" ec="2" bec="0" bev="0" fileid="5" />
              </SequencePoints>
              <BranchPoints>
                <BranchPoint vc="37" uspid="208" ordinal="0" path="0" offset="13" offsetend="15" sl="208" fileid="5" />
                <BranchPoint vc="2" uspid="208" ordinal="1" path="1" offset="13" offsetend="32" sl="208" fileid="5" />
                <BranchPoint vc="3" uspid="208" ordinal="2" path="0" offset="35" offsetend="37" sl="208" fileid="5" />
                <BranchPoint vc="36" uspid="208" ordinal="3" path="1" offset="35" offsetend="48" sl="208" fileid="5" />
                <BranchPoint vc="1" uspid="211" ordinal="4" path="0" offset="60" offsetend="62" sl="211" fileid="5" />
                <BranchPoint vc="35" uspid="211" ordinal="5" path="1" offset="60" offsetend="73" sl="211" fileid="5" />
              </BranchPoints>
              <MethodPoint vc="8" uspid="0" p8:type="SequencePoint" ordinal="18" offset="18" sc="0" sl="207" ec="1" el="216" bec="0" bev="0" fileid="5" xmlns:p8="xsi" />
            </Method>
            <Method cyclomaticComplexity="1" nPathComplexity="1" sequenceCoverage="100" branchCoverage="100" isConstructor="False" isGetter="False" isSetter="False" isStatic="True">
              <Summary numSequencePoints="1" visitedSequencePoints="1" numBranchPoints="0" visitedBranchPoints="0" sequenceCoverage="100" branchCoverage="100" maxCyclomaticComplexity="1" minCyclomaticComplexity="1" visitedClasses="0" numClasses="0" visitedMethods="1" numMethods="1" />
              <MetadataToken />
              <Name>System.Boolean GraphAlgorithms.Graph.Implementations.Graph`1::ContainsVertex(T)</Name>
              <FileRef uid="5" />
              <SequencePoints>
                <SequencePoint vc="462" uspid="221" ordinal="0" sl="221" sc="1" el="221" ec="2" bec="0" bev="0" fileid="5" />
              </SequencePoints>
              <BranchPoints />
              <MethodPoint vc="1" uspid="0" p8:type="SequencePoint" ordinal="19" offset="19" sc="0" sl="221" ec="1" el="221" bec="0" bev="0" fileid="5" xmlns:p8="xsi" />
            </Method>
            <Method cyclomaticComplexity="1" nPathComplexity="1" sequenceCoverage="100" branchCoverage="100" isConstructor="False" isGetter="False" isSetter="False" isStatic="True">
              <Summary numSequencePoints="1" visitedSequencePoints="1" numBranchPoints="0" visitedBranchPoints="0" sequenceCoverage="100" branchCoverage="100" maxCyclomaticComplexity="1" minCyclomaticComplexity="1" visitedClasses="0" numClasses="0" visitedMethods="1" numMethods="1" />
              <MetadataToken />
              <Name>System.Boolean GraphAlgorithms.Graph.Implementations.Graph`1::ContainsVertex(GraphAlgorithms.Graph.Interfaces.IVertex`1&lt;T&gt;)</Name>
              <FileRef uid="5" />
              <SequencePoints>
                <SequencePoint vc="408" uspid="226" ordinal="0" sl="226" sc="1" el="226" ec="2" bec="0" bev="0" fileid="5" />
              </SequencePoints>
              <BranchPoints />
              <MethodPoint vc="1" uspid="0" p8:type="SequencePoint" ordinal="20" offset="20" sc="0" sl="226" ec="1" el="226" bec="0" bev="0" fileid="5" xmlns:p8="xsi" />
            </Method>
            <Method cyclomaticComplexity="1" nPathComplexity="1" sequenceCoverage="100" branchCoverage="100" isConstructor="False" isGetter="False" isSetter="False" isStatic="True">
              <Summary numSequencePoints="1" visitedSequencePoints="1" numBranchPoints="0" visitedBranchPoints="0" sequenceCoverage="100" branchCoverage="100" maxCyclomaticComplexity="1" minCyclomaticComplexity="1" visitedClasses="0" numClasses="0" visitedMethods="1" numMethods="1" />
              <MetadataToken />
              <Name>System.Boolean GraphAlgorithms.Graph.Implementations.Graph`1::ContainsEdge(GraphAlgorithms.Graph.Interfaces.IEdge`1&lt;T&gt;)</Name>
              <FileRef uid="5" />
              <SequencePoints>
                <SequencePoint vc="42" uspid="231" ordinal="0" sl="231" sc="1" el="231" ec="2" bec="0" bev="0" fileid="5" />
              </SequencePoints>
              <BranchPoints />
              <MethodPoint vc="1" uspid="0" p8:type="SequencePoint" ordinal="21" offset="21" sc="0" sl="231" ec="1" el="231" bec="0" bev="0" fileid="5" xmlns:p8="xsi" />
            </Method>
            <Method cyclomaticComplexity="10" nPathComplexity="10" sequenceCoverage="92.3" branchCoverage="80" isConstructor="False" isGetter="False" isSetter="False" isStatic="True">
              <Summary numSequencePoints="13" visitedSequencePoints="12" numBranchPoints="10" visitedBranchPoints="8" sequenceCoverage="92.3" branchCoverage="80" maxCyclomaticComplexity="10" minCyclomaticComplexity="10" visitedClasses="0" numClasses="0" visitedMethods="1" numMethods="1" />
              <MetadataToken />
              <Name>System.Boolean GraphAlgorithms.Graph.Implementations.Graph`1::HasEulerianPath()</Name>
              <FileRef uid="5" />
              <SequencePoints>
                <SequencePoint vc="3" uspid="237" ordinal="0" sl="237" sc="1" el="237" ec="2" bec="0" bev="0" fileid="5" />
                <SequencePoint vc="3" uspid="238" ordinal="1" sl="238" sc="1" el="238" ec="2" bec="2" bev="2" fileid="5" />
                <SequencePoint vc="21" uspid="239" ordinal="2" sl="239" sc="1" el="239" ec="2" bec="0" bev="0" fileid="5" />
                <SequencePoint vc="3" uspid="241" ordinal="3" sl="241" sc="1" el="241" ec="2" bec="2" bev="2" fileid="5" />
                <SequencePoint vc="21" uspid="242" ordinal="4" sl="242" sc="1" el="242" ec="2" bec="0" bev="0" fileid="5" />
                <SequencePoint vc="3" uspid="244" ordinal="5" sl="244" sc="1" el="244" ec="2" bec="4" bev="2" fileid="5" />
                <SequencePoint vc="0" uspid="245" ordinal="6" sl="245" sc="1" el="245" ec="2" bec="0" bev="0" fileid="5" />
                <SequencePoint vc="3" uspid="247" ordinal="7" sl="247" sc="1" el="247" ec="2" bec="0" bev="0" fileid="5" />
                <SequencePoint vc="3" uspid="248" ordinal="8" sl="248" sc="1" el="248" ec="2" bec="0" bev="0" fileid="5" />
                <SequencePoint vc="3" uspid="249" ordinal="9" sl="249" sc="1" el="249" ec="2" bec="0" bev="0" fileid="5" />
                <SequencePoint vc="3" uspid="250" ordinal="10" sl="250" sc="1" el="250" ec="2" bec="0" bev="0" fileid="5" />
                <SequencePoint vc="16" uspid="252" ordinal="11" sl="252" sc="1" el="252" ec="2" bec="2" bev="2" fileid="5" />
                <SequencePoint vc="3" uspid="253" ordinal="12" sl="253" sc="1" el="253" ec="2" bec="0" bev="0" fileid="5" />
              </SequencePoints>
              <BranchPoints>
                <BranchPoint vc="1" uspid="238" ordinal="0" path="0" offset="13" offsetend="15" sl="238" fileid="5" />
                <BranchPoint vc="3" uspid="238" ordinal="1" path="1" offset="13" offsetend="38" sl="238" fileid="5" />
                <BranchPoint vc="1" uspid="241" ordinal="2" path="0" offset="61" offsetend="63" sl="241" fileid="5" />
                <BranchPoint vc="3" uspid="241" ordinal="3" path="1" offset="61" offsetend="86" sl="241" fileid="5" />
                <BranchPoint vc="3" uspid="244" ordinal="4" path="0" offset="104" offsetend="106" sl="244" fileid="5" />
                <BranchPoint vc="0" uspid="244" ordinal="5" path="1" offset="104" offsetend="117" sl="244" fileid="5" />
                <BranchPoint vc="0" uspid="244" ordinal="6" path="0" offset="120" offsetend="122" sl="244" fileid="5" />
                <BranchPoint vc="3" uspid="244" ordinal="7" path="1" offset="120" offsetend="127" sl="244" fileid="5" />
                <BranchPoint vc="1" uspid="252" ordinal="8" path="0" offset="158" offsetend="160" sl="252" fileid="5" />
                <BranchPoint vc="3" uspid="252" ordinal="9" path="1" offset="158" offsetend="183" sl="252" fileid="5" />
              </BranchPoints>
              <MethodPoint vc="12" uspid="0" p8:type="SequencePoint" ordinal="22" offset="22" sc="0" sl="237" ec="1" el="253" bec="0" bev="0" fileid="5" xmlns:p8="xsi" />
            </Method>
            <Method cyclomaticComplexity="2" nPathComplexity="2" sequenceCoverage="100" branchCoverage="100" isConstructor="False" isGetter="False" isSetter="False" isStatic="True">
              <Summary numSequencePoints="3" visitedSequencePoints="3" numBranchPoints="2" visitedBranchPoints="2" sequenceCoverage="100" branchCoverage="100" maxCyclomaticComplexity="2" minCyclomaticComplexity="2" visitedClasses="0" numClasses="0" visitedMethods="1" numMethods="1" />
              <MetadataToken />
              <Name>System.Boolean GraphAlgorithms.Graph.Implementations.Graph`1::HasEulerianCircuit()</Name>
              <FileRef uid="5" />
              <SequencePoints>
                <SequencePoint vc="6" uspid="259" ordinal="0" sl="259" sc="1" el="259" ec="2" bec="0" bev="0" fileid="5" />
                <SequencePoint vc="28" uspid="260" ordinal="1" sl="260" sc="1" el="260" ec="2" bec="2" bev="2" fileid="5" />
                <SequencePoint vc="6" uspid="261" ordinal="2" sl="261" sc="1" el="261" ec="2" bec="0" bev="0" fileid="5" />
              </SequencePoints>
              <BranchPoints>
                <BranchPoint vc="1" uspid="260" ordinal="0" path="0" offset="13" offsetend="15" sl="260" fileid="5" />
                <BranchPoint vc="6" uspid="260" ordinal="1" path="1" offset="13" offsetend="38" sl="260" fileid="5" />
              </BranchPoints>
              <MethodPoint vc="3" uspid="0" p8:type="SequencePoint" ordinal="23" offset="23" sc="0" sl="259" ec="1" el="261" bec="0" bev="0" fileid="5" xmlns:p8="xsi" />
            </Method>
            <Method cyclomaticComplexity="6" nPathComplexity="6" sequenceCoverage="100" branchCoverage="83.33" isConstructor="False" isGetter="False" isSetter="False" isStatic="True">
              <Summary numSequencePoints="4" visitedSequencePoints="4" numBranchPoints="6" visitedBranchPoints="5" sequenceCoverage="100" branchCoverage="83.33" maxCyclomaticComplexity="6" minCyclomaticComplexity="6" visitedClasses="0" numClasses="0" visitedMethods="1" numMethods="1" />
              <MetadataToken />
              <Name>System.Boolean GraphAlgorithms.Graph.Implementations.Graph`1::IsAcyclic()</Name>
              <FileRef uid="5" />
              <SequencePoints>
                <SequencePoint vc="3" uspid="267" ordinal="0" sl="267" sc="1" el="267" ec="2" bec="0" bev="0" fileid="5" />
                <SequencePoint vc="6" uspid="268" ordinal="1" sl="268" sc="1" el="268" ec="2" bec="6" bev="5" fileid="5" />
                <SequencePoint vc="15" uspid="269" ordinal="2" sl="269" sc="1" el="269" ec="2" bec="0" bev="0" fileid="5" />
                <SequencePoint vc="3" uspid="270" ordinal="3" sl="270" sc="1" el="270" ec="2" bec="0" bev="0" fileid="5" />
              </SequencePoints>
              <BranchPoints>
                <BranchPoint vc="1" uspid="268" ordinal="0" path="0" offset="13" offsetend="15" sl="268" fileid="5" />
                <BranchPoint vc="3" uspid="268" ordinal="1" path="1" offset="13" offsetend="38" sl="268" fileid="5" />
                <BranchPoint vc="3" uspid="268" ordinal="2" path="0" offset="43" offsetend="45" sl="268" fileid="5" />
                <BranchPoint vc="1" uspid="268" ordinal="4" path="0" offset="57" offsetend="59" sl="268" fileid="5" />
                <BranchPoint vc="3" uspid="268" ordinal="5" path="1" offset="57" offsetend="82" sl="268" fileid="5" />
                <BranchPoint vc="0" uspid="268" ordinal="3" path="1" offset="43" offsetend="89" sl="268" fileid="5" />
              </BranchPoints>
              <MethodPoint vc="4" uspid="0" p8:type="SequencePoint" ordinal="24" offset="24" sc="0" sl="267" ec="1" el="270" bec="0" bev="0" fileid="5" xmlns:p8="xsi" />
            </Method>
            <Method cyclomaticComplexity="2" nPathComplexity="2" sequenceCoverage="100" branchCoverage="100" isConstructor="False" isGetter="False" isSetter="False" isStatic="True">
[...]
              <FileRef uid="7" />
              <SequencePoints>
                <SequencePoint vc="1" uspid="12" ordinal="0" sl="12" sc="1" el="12" ec="2" bec="0" bev="0" fileid="7" />
                <SequencePoint vc="1" uspid="13" ordinal="1" sl="13" sc="1" el="13" ec="2" bec="2" bev="1" fileid="7" />
                <SequencePoint vc="0" uspid="14" ordinal="2" sl="14" sc="1" el="14" ec="2" bec="0" bev="0" fileid="7" />
                <SequencePoint vc="1" uspid="16" ordinal="3" sl="16" sc="1" el="16" ec="2" bec="0" bev="0" fileid="7" />
                <SequencePoint vc="1" uspid="17" ordinal="4" sl="17" sc="1" el="17" ec="2" bec="0" bev="0" fileid="7" />
                <SequencePoint vc="1" uspid="18" ordinal="5" sl="18" sc="1" el="18" ec="2" bec="0" bev="0" fileid="7" />
                <SequencePoint vc="5" uspid="20" ordinal="6" sl="20" sc="1" el="20" ec="2" bec="2" bev="2" fileid="7" />
                <SequencePoint vc="5" uspid="21" ordinal="7" sl="21" sc="1" el="21" ec="2" bec="0" bev="0" fileid="7" />
                <SequencePoint vc="5" uspid="22" ordinal="8" sl="22" sc="1" el="22" ec="2" bec="0" bev="0" fileid="7" />
                <SequencePoint vc="5" uspid="24" ordinal="9" sl="24" sc="1" el="24" ec="2" bec="0" bev="0" fileid="7" />
                <SequencePoint vc="5" uspid="25" ordinal="10" sl="25" sc="1" el="25" ec="2" bec="0" bev="0" fileid="7" />
                <SequencePoint vc="29" uspid="27" ordinal="11" sl="27" sc="1" el="27" ec="2" bec="2" bev="2" fileid="7" />
                <SequencePoint vc="7" uspid="28" ordinal="12" sl="28" sc="1" el="28" ec="2" bec="0" bev="0" fileid="7" />
                <SequencePoint vc="7" uspid="29" ordinal="13" sl="29" sc="1" el="29" ec="2" bec="2" bev="2" fileid="7" />
                <SequencePoint vc="1" uspid="30" ordinal="14" sl="30" sc="1" el="30" ec="2" bec="0" bev="0" fileid="7" />
                <SequencePoint vc="1" uspid="31" ordinal="15" sl="31" sc="1" el="31" ec="2" bec="0" bev="0" fileid="7" />
                <SequencePoint vc="1" uspid="32" ordinal="16" sl="32" sc="1" el="32" ec="2" bec="0" bev="0" fileid="7" />
                <SequencePoint vc="1" uspid="33" ordinal="17" sl="33" sc="1" el="33" ec="2" bec="0" bev="0" fileid="7" />
                <SequencePoint vc="1" uspid="34" ordinal="18" sl="34" sc="1" el="34" ec="2" bec="0" bev="0" fileid="7" />
                <SequencePoint vc="6" uspid="37" ordinal="19" sl="37" sc="1" el="37" ec="2" bec="2" bev="2" fileid="7" />
                <SequencePoint vc="4" uspid="38" ordinal="20" sl="38" sc="1" el="38" ec="2" bec="0" bev="0" fileid="7" />
                <SequencePoint vc="4" uspid="39" ordinal="21" sl="39" sc="1" el="39" ec="2" bec="0" bev="0" fileid="7" />
                <SequencePoint vc="4" uspid="40" ordinal="22" sl="40" sc="1" el="40" ec="2" bec="0" bev="0" fileid="7" />
                <SequencePoint vc="4" uspid="41" ordinal="23" sl="41" sc="1" el="41" ec="2" bec="0" bev="0" fileid="7" />
                <SequencePoint vc="4" uspid="42" ordinal="24" sl="42" sc="1" el="42" ec="2" bec="0" bev="0" fileid="7" />
                <SequencePoint vc="4" uspid="43" ordinal="25" sl="43" sc="1" el="43" ec="2" bec="0" bev="0" fileid="7" />
                <SequencePoint vc="6" uspid="44" ordinal="26" sl="44" sc="1" el="44" ec="2" bec="0" bev="0" fileid="7" />
                <SequencePoint vc="6" uspid="46" ordinal="27" sl="46" sc="1" el="46" ec="2" bec="2" bev="2" fileid="7" />
                <SequencePoint vc="4" uspid="48" ordinal="28" sl="48" sc="1" el="48" ec="2" bec="0" bev="0" fileid="7" />
                <SequencePoint vc="4" uspid="49" ordinal="29" sl="49" sc="1" el="49" ec="2" bec="0" bev="0" fileid="7" />
                <SequencePoint vc="4" uspid="50" ordinal="30" sl="50" sc="1" el="50" ec="2" bec="0" bev="0" fileid="7" />
                <SequencePoint vc="4" uspid="51" ordinal="31" sl="51" sc="1" el="51" ec="2" bec="0" bev="0" fileid="7" />
                <SequencePoint vc="1" uspid="53" ordinal="32" sl="53" sc="1" el="53" ec="2" bec="0" bev="0" fileid="7" />
                <SequencePoint vc="1" uspid="54" ordinal="33" sl="54" sc="1" el="54" ec="2" bec="0" bev="0" fileid="7" />
              </SequencePoints>
              <BranchPoints>
                <BranchPoint vc="0" uspid="13" ordinal="0" path="0" offset="13" offsetend="15" sl="13" fileid="7" />
                <BranchPoint vc="1" uspid="13" ordinal="1" path="1" offset="13" offsetend="26" sl="13" fileid="7" />
                <BranchPoint vc="5" uspid="20" ordinal="11" path="1" offset="333" offsetend="56" sl="20" fileid="7" />
                <BranchPoint vc="7" uspid="27" ordinal="7" path="1" offset="250" offsetend="88" sl="27" fileid="7" />
                <BranchPoint vc="1" uspid="29" ordinal="2" path="0" offset="124" offsetend="126" sl="29" fileid="7" />
                <BranchPoint vc="6" uspid="29" ordinal="3" path="1" offset="124" offsetend="170" sl="29" fileid="7" />
                <BranchPoint vc="4" uspid="37" ordinal="4" path="0" offset="190" offsetend="192" sl="37" fileid="7" />
                <BranchPoint vc="6" uspid="37" ordinal="5" path="1" offset="190" offsetend="242" sl="37" fileid="7" />
                <BranchPoint vc="5" uspid="27" ordinal="6" path="0" offset="250" offsetend="255" sl="27" fileid="7" />
                <BranchPoint vc="4" uspid="46" ordinal="9" path="1" offset="286" offsetend="290" sl="46" fileid="7" />
                <BranchPoint vc="1" uspid="46" ordinal="8" path="0" offset="286" offsetend="338" sl="46" fileid="7" />
                <BranchPoint vc="1" uspid="20" ordinal="10" path="0" offset="333" offsetend="338" sl="20" fileid="7" />
              </BranchPoints>
              <MethodPoint vc="33" uspid="0" p8:type="SequencePoint" ordinal="0" offset="0" sc="0" sl="12" ec="1" el="54" bec="0" bev="0" fileid="7" xmlns:p8="xsi" />
            </Method>
            <Method cyclomaticComplexity="2" nPathComplexity="2" sequenceCoverage="100" branchCoverage="100" isConstructor="False" isGetter="False" isSetter="False" isStatic="True">
              <Summary numSequencePoints="4" visitedSequencePoints="4" numBranchPoints="2" visitedBranchPoints="2" sequenceCoverage="100" branchCoverage="100" maxCyclomaticComplexity="2" minCyclomaticComplexity="2" visitedClasses="0" numClasses="0" visitedMethods="1" numMethods="1" />
              <MetadataToken />
              <Name>GraphAlgorithms.Graph.Interfaces.IEdge`1&lt;T&gt; GraphAlgorithms.Graph.Algorithms.DijkstraAlgorithm`1::GetMinEdge(System.Collections.Generic.List`1&lt;GraphAlgorithms.Graph.Interfaces.IEdge`1&lt;T&gt;&gt;)</Name>
              <FileRef uid="7" />
              <SequencePoints>
                <SequencePoint vc="4" uspid="57" ordinal="0" sl="57" sc="1" el="57" ec="2" bec="0" bev="0" fileid="7" />
                <SequencePoint vc="11" uspid="58" ordinal="1" sl="58" sc="1" el="58" ec="2" bec="2" bev="2" fileid="7" />
                <SequencePoint vc="9" uspid="59" ordinal="2" sl="59" sc="1" el="59" ec="2" bec="0" bev="0" fileid="7" />
                <SequencePoint vc="4" uspid="60" ordinal="3" sl="60" sc="1" el="60" ec="2" bec="0" bev="0" fileid="7" />
              </SequencePoints>
              <BranchPoints>
                <BranchPoint vc="1" uspid="58" ordinal="0" path="0" offset="15" offsetend="17" sl="58" fileid="7" />
                <BranchPoint vc="4" uspid="58" ordinal="1" path="1" offset="15" offsetend="40" sl="58" fileid="7" />
              </BranchPoints>
              <MethodPoint vc="4" uspid="0" p8:type="SequencePoint" ordinal="1" offset="1" sc="0" sl="57" ec="1" el="60" bec="0" bev="0" fileid="7" xmlns:p8="xsi" />
            </Method>
            <Method cyclomaticComplexity="1" nPathComplexity="1" sequenceCoverage="100" branchCoverage="100" isConstructor="False" isGetter="False" isSetter="False" isStatic="True">
              <Summary numSequencePoints="3" visitedSequencePoints="3" numBranchPoints="0" visitedBranchPoints="0" sequenceCoverage="100" branchCoverage="100" maxCyclomaticComplexity="1" minCyclomaticComplexity="1" visitedClasses="0" numClasses="0" visitedMethods="1" numMethods="1" />
              <MetadataToken />
              <Name>GraphAlgorithms.Graph.Models.DistanceModel`1&lt;T&gt; GraphAlgorithms.Graph.Algorithms.DijkstraAlgorithm`1::GetDistanceModelByEndVertex(System.Collections.Generic.IEnumerable`1&lt;GraphAlgorithms.Graph.Models.DistanceModel`1&lt;T&gt;&gt;,GraphAlgorithms.Graph.Interfaces.IVertex`1&lt;T&gt;)</Name>
              <FileRef uid="7" />
              <SequencePoints>
                <SequencePoint vc="1" uspid="64" ordinal="0" sl="64" sc="1" el="64" ec="2" bec="0" bev="0" fileid="7" />
                <SequencePoint vc="3" uspid="65" ordinal="1" sl="65" sc="1" el="65" ec="2" bec="0" bev="0" fileid="7" />
                <SequencePoint vc="1" uspid="66" ordinal="2" sl="66" sc="1" el="66" ec="2" bec="0" bev="0" fileid="7" />
              </SequencePoints>
              <BranchPoints />
              <MethodPoint vc="3" uspid="0" p8:type="SequencePoint" ordinal="2" offset="2" sc="0" sl="64" ec="1" el="66" bec="0" bev="0" fileid="7" xmlns:p8="xsi" />
            </Method>
            <Method cyclomaticComplexity="2" nPathComplexity="2" sequenceCoverage="100" branchCoverage="100" isConstructor="False" isGetter="False" isSetter="False" isStatic="True">
              <Summary numSequencePoints="3" visitedSequencePoints="3" numBranchPoints="2" visitedBranchPoints="2" sequenceCoverage="100" branchCoverage="100" maxCyclomaticComplexity="2" minCyclomaticComplexity="2" visitedClasses="0" numClasses="0" visitedMethods="1" numMethods="1" />
              <MetadataToken />
              <Name>System.Boolean GraphAlgorithms.Graph.Algorithms.DijkstraAlgorithm`1::ContainsAndGreater(System.Collections.Generic.IEnumerable`1&lt;GraphAlgorithms.Graph.Models.DistanceModel`1&lt;T&gt;&gt;,GraphAlgorithms.Graph.Interfaces.IVertex`1&lt;T&gt;,System.Int32)</Name>
              <FileRef uid="7" />
              <SequencePoints>
                <SequencePoint vc="7" uspid="70" ordinal="0" sl="70" sc="1" el="70" ec="2" bec="0" bev="0" fileid="7" />
                <SequencePoint vc="28" uspid="71" ordinal="1" sl="71" sc="1" el="71" ec="2" bec="2" bev="2" fileid="7" />
                <SequencePoint vc="7" uspid="72" ordinal="2" sl="72" sc="1" el="72" ec="2" bec="0" bev="0" fileid="7" />
              </SequencePoints>
              <BranchPoints>
                <BranchPoint vc="3" uspid="71" ordinal="0" path="0" offset="17" offsetend="19" sl="71" fileid="7" />
                <BranchPoint vc="18" uspid="71" ordinal="1" path="1" offset="17" offsetend="35" sl="71" fileid="7" />
              </BranchPoints>
              <MethodPoint vc="3" uspid="0" p8:type="SequencePoint" ordinal="3" offset="3" sc="0" sl="70" ec="1" el="72" bec="0" bev="0" fileid="7" xmlns:p8="xsi" />
            </Method>
            <Method cyclomaticComplexity="1" nPathComplexity="1" sequenceCoverage="100" branchCoverage="100" isConstructor="False" isGetter="False" isSetter="False" isStatic="True">
              <Summary numSequencePoints="3" visitedSequencePoints="3" numBranchPoints="0" visitedBranchPoints="0" sequenceCoverage="100" branchCoverage="100" maxCyclomaticComplexity="1" minCyclomaticComplexity="1" visitedClasses="0" numClasses="0" visitedMethods="1" numMethods="1" />
              <MetadataToken />
              <Name>System.Boolean GraphAlgorithms.Graph.Algorithms.DijkstraAlgorithm`1::Contains(System.Collections.Generic.List`1&lt;GraphAlgorithms.Graph.Models.DistanceModel`1&lt;T&gt;&gt;,GraphAlgorithms.Graph.Interfaces.IVertex`1&lt;T&gt;)</Name>
              <FileRef uid="7" />
              <SequencePoints>
                <SequencePoint vc="6" uspid="75" ordinal="0" sl="75" sc="1" el="75" ec="2" bec="0" bev="0" fileid="7" />
                <SequencePoint vc="23" uspid="76" ordinal="1" sl="76" sc="1" el="76" ec="2" bec="0" bev="0" fileid="7" />
                <SequencePoint vc="6" uspid="77" ordinal="2" sl="77" sc="1" el="77" ec="2" bec="0" bev="0" fileid="7" />
              </SequencePoints>
              <BranchPoints />
              <MethodPoint vc="3" uspid="0" p8:type="SequencePoint" ordinal="4" offset="4" sc="0" sl="75" ec="1" el="77" bec="0" bev="0" fileid="7" xmlns:p8="xsi" />
            </Method>
          </Methods>
        </Class>
        <Class>
          <Summary numSequencePoints="2" visitedSequencePoints="2" numBranchPoints="0" visitedBranchPoints="0" sequenceCoverage="100" branchCoverage="100" maxCyclomaticComplexity="1" minCyclomaticComplexity="1" visitedClasses="1" numClasses="1" visitedMethods="2" numMethods="2" />
          <FullName>GraphAlgorithms.Graph.Algorithms.KahnGraphSort`1/&lt;&gt;c</FullName>
          <Methods>
            <Method cyclomaticComplexity="1" nPathComplexity="1" sequenceCoverage="100" branchCoverage="100" isConstructor="False" isGetter="False" isSetter="False" isStatic="True">
              <Summary numSequencePoints="1" visitedSequencePoints="1" numBranchPoints="0" visitedBranchPoints="0" sequenceCoverage="100" branchCoverage="100" maxCyclomaticComplexity="1" minCyclomaticComplexity="1" visitedClasses="0" numClasses="0" visitedMethods="1" numMethods="1" />
              <MetadataToken />
              <Name>System.Boolean GraphAlgorithms.Graph.Algorithms.KahnGraphSort`1/&lt;&gt;c::&lt;KahnSort&gt;b__0_0(GraphAlgorithms.Graph.Interfaces.IVertex`1&lt;T&gt;)</Name>
              <FileRef uid="8" />
              <SequencePoints>
                <SequencePoint vc="10" uspid="16" ordinal="0" sl="16" sc="1" el="16" ec="2" bec="0" bev="0" fileid="8" />
              </SequencePoints>
              <BranchPoints />
              <MethodPoint vc="1" uspid="0" p8:type="SequencePoint" ordinal="0" offset="0" sc="0" sl="16" ec="1" el="16" bec="0" bev="0" fileid="8" xmlns:p8="xsi" />
            </Method>
            <Method cyclomaticComplexity="1" nPathComplexity="1" sequenceCoverage="100" branchCoverage="100" isConstructor="False" isGetter="False" isSetter="False" isStatic="True">
              <Summary numSequencePoints="1" visitedSequencePoints="1" numBranchPoints="0" visitedBranchPoints="0" sequenceCoverage="100" branchCoverage="100" maxCyclomaticComplexity="1" minCyclomaticComplexity="1" visitedClasses="0" numClasses="0" visitedMethods="1" numMethods="1" />
              <MetadataToken />
              <Name>System.Boolean GraphAlgorithms.Graph.Algorithms.KahnGraphSort`1/&lt;&gt;c::&lt;KahnSort&gt;b__0_1(GraphAlgorithms.Graph.Interfaces.IVertex`1&lt;T&gt;)</Name>
              <FileRef uid="8" />
              <SequencePoints>
                <SequencePoint vc="46" uspid="27" ordinal="0" sl="27" sc="1" el="27" ec="2" bec="0" bev="0" fileid="8" />
              </SequencePoints>
              <BranchPoints />
              <MethodPoint vc="1" uspid="0" p8:type="SequencePoint" ordinal="1" offset="1" sc="0" sl="27" ec="1" el="27" bec="0" bev="0" fileid="8" xmlns:p8="xsi" />
            </Method>
          </Methods>
        </Class>
        <Class>
          <Summary numSequencePoints="15" visitedSequencePoints="14" numBranchPoints="12" visitedBranchPoints="11" sequenceCoverage="93.33" branchCoverage="91.66" maxCyclomaticComplexity="12" minCyclomaticComplexity="12" visitedClasses="1" numClasses="1" visitedMethods="1" numMethods="1" />
          <FullName>GraphAlgorithms.Graph.Algorithms.KahnGraphSort`1/&lt;KahnSort&gt;d__0</FullName>
          <Methods>
            <Method cyclomaticComplexity="12" nPathComplexity="12" sequenceCoverage="93.33" branchCoverage="91.66" isConstructor="False" isGetter="False" isSetter="False" isStatic="True">
              <Summary numSequencePoints="15" visitedSequencePoints="14" numBranchPoints="12" visitedBranchPoints="11" sequenceCoverage="93.33" branchCoverage="91.66" maxCyclomaticComplexity="12" minCyclomaticComplexity="12" visitedClasses="0" numClasses="0" visitedMethods="1" numMethods="1" />
              <MetadataToken />
              <Name>System.Boolean GraphAlgorithms.Graph.Algorithms.KahnGraphSort`1/&lt;KahnSort&gt;d__0::MoveNext()</Name>
              <FileRef uid="8" />
              <SequencePoints>
                <SequencePoint vc="1" uspid="11" ordinal="0" sl="11" sc="1" el="11" ec="2" bec="0" bev="0" fileid="8" />
                <SequencePoint vc="1" uspid="12" ordinal="1" sl="12" sc="1" el="12" ec="2" bec="2" bev="1" fileid="8" />
                <SequencePoint vc="0" uspid="13" ordinal="2" sl="13" sc="1" el="13" ec="2" bec="0" bev="0" fileid="8" />
                <SequencePoint vc="1" uspid="15" ordinal="3" sl="15" sc="1" el="15" ec="2" bec="0" bev="0" fileid="8" />
                <SequencePoint vc="11" uspid="17" ordinal="4" sl="17" sc="1" el="17" ec="2" bec="2" bev="2" fileid="8" />
                <SequencePoint vc="4" uspid="18" ordinal="5" sl="18" sc="1" el="18" ec="2" bec="0" bev="0" fileid="8" />
                <SequencePoint vc="10" uspid="20" ordinal="6" sl="20" sc="1" el="20" ec="2" bec="2" bev="2" fileid="8" />
                <SequencePoint vc="9" uspid="21" ordinal="7" sl="21" sc="1" el="21" ec="2" bec="0" bev="0" fileid="8" />
                <SequencePoint vc="9" uspid="22" ordinal="8" sl="22" sc="1" el="22" ec="2" bec="0" bev="0" fileid="8" />
                <SequencePoint vc="9" uspid="23" ordinal="9" sl="23" sc="1" el="23" ec="2" bec="0" bev="0" fileid="8" />
                <SequencePoint vc="9" uspid="24" ordinal="10" sl="24" sc="1" el="24" ec="2" bec="0" bev="0" fileid="8" />
                <SequencePoint vc="9" uspid="25" ordinal="11" sl="25" sc="1" el="25" ec="2" bec="0" bev="0" fileid="8" />
                <SequencePoint vc="5" uspid="28" ordinal="12" sl="28" sc="1" el="28" ec="2" bec="0" bev="0" fileid="8" />
                <SequencePoint vc="9" uspid="29" ordinal="13" sl="29" sc="1" el="29" ec="2" bec="0" bev="0" fileid="8" />
                <SequencePoint vc="1" uspid="30" ordinal="14" sl="30" sc="1" el="30" ec="2" bec="0" bev="0" fileid="8" />
              </SequencePoints>
              <BranchPoints>
                <BranchPoint vc="0" uspid="12" ordinal="0" path="0" offset="51" offsetend="53" sl="12" fileid="8" />
                <BranchPoint vc="1" uspid="12" ordinal="1" path="1" offset="51" offsetend="64" sl="12" fileid="8" />
                <BranchPoint vc="1" uspid="16" ordinal="2" path="0" offset="93" offsetend="95" sl="16" fileid="8" />
                <BranchPoint vc="1" uspid="16" ordinal="3" path="1" offset="93" offsetend="118" sl="16" fileid="8" />
                <BranchPoint vc="4" uspid="17" ordinal="5" path="1" offset="206" offsetend="153" sl="17" fileid="8" />
                <BranchPoint vc="1" uspid="17" ordinal="4" path="0" offset="206" offsetend="208" sl="17" fileid="8" />
                <BranchPoint vc="9" uspid="20" ordinal="11" path="1" offset="496" offsetend="246" sl="20" fileid="8" />
                <BranchPoint vc="1" uspid="27" ordinal="6" path="0" offset="341" offsetend="343" sl="27" fileid="8" />
                <BranchPoint vc="9" uspid="27" ordinal="7" path="1" offset="341" offsetend="366" sl="27" fileid="8" />
                <BranchPoint vc="5" uspid="27" ordinal="9" path="1" offset="436" offsetend="383" sl="27" fileid="8" />
                <BranchPoint vc="9" uspid="27" ordinal="8" path="0" offset="436" offsetend="438" sl="27" fileid="8" />
                <BranchPoint vc="1" uspid="20" ordinal="10" path="0" offset="496" offsetend="501" sl="20" fileid="8" />
              </BranchPoints>
              <MethodPoint vc="14" uspid="0" p8:type="SequencePoint" ordinal="0" offset="0" sc="0" sl="11" ec="1" el="30" bec="0" bev="0" fileid="8" xmlns:p8="xsi" />
            </Method>
          </Methods>
        </Class>
      </Classes>
    </Module>
  </Modules>
</CoverageSession>